<?xml version="1.0" encoding="UTF-8"?>
<testng-results ignored="0" total="1" passed="1" failed="0" skipped="0">
  <reporter-output>
  </reporter-output>
  <suite started-at="2025-09-17T12:38:20 IST" name="Suite" finished-at="2025-09-17T12:50:01 IST" duration-ms="700593">
    <groups>
    </groups>
    <test started-at="2025-09-17T12:38:20 IST" name="Test Results" finished-at="2025-09-17T12:50:01 IST" duration-ms="700593">
      <class name="DAMS.Testcases.Regression_Suite.Supplier.TC005_Supplier_Development_FR_ATG">
        <test-method signature="development_Global_Regression_E2E_Supplier(java.util.HashMap)[pri:0, instance:DAMS.Testcases.Regression_Suite.Supplier.TC005_Supplier_Development_FR_ATG@33308786]" started-at="2025-09-17T12:38:20 IST" name="development_Global_Regression_E2E_Supplier" data-provider="getData_Supplier" finished-at="2025-09-17T12:50:01 IST" duration-ms="700257" status="PASS">
          <params>
            <param index="0">
              <value>
                <![CDATA[{NO=4, Service_ID=BF0123, SpecialCase=Replacement Package, Target_COT=Root E2, User_Type=Supplier, ECU_Supplier=AAGW01T, ECU_Qualifier_for_RP=AAGW01T, ECU_Qualifier_for_Root_link=AAGW01T/AAGW01T, Reason_for_supplier_FR=Functional role request for ECU Supplier - Development, Role_Desc=Person at the ECU supplier associated with ATG project who is working in the development team for the related ECU project. On applying for the functional role,the user should automatically receive Supplier,Development ENHANCED, Production, After-Sales ENHANCED for all the Own ECUs as Standard Permissions., ECU_Restriction=AAGW01T/AAGW01T, Reason_for_RP=Certificate Request for Replacement Package, Reason_for_DA=Certificate Request for Diagnostic Authority, BackendTarget_COT=Backend E2B, NestT_TestingCase=Nest-T Test COT/Nest-T Series COT, BackendOrigin_COT=Backend E2A, ECU_Qualifier_nestT=AAGW01T/ASAS01T, User_role=TCU(Telemetics Control Unit)/After-Sales BASIC, SpecialCase_nestT=Nest-T Testing, Mode=ATG, ECU_Qualifier_for_Backend_link=ALT48V01T/AAGW01T, BackendRoot_COT=Root E2, Reason_for_nestT=Certificate Request for NEST-T, ECU_Supplier1=ACM311T, User_Example=Production,After-Sales BASIC,EPTI(Electronical Periodical Technical Inspection),TCU(Telemetics Control Unit),After-Sales ENHANCED,After-Sales STANDARD, Reason_for_ER=Certificate Request for EnhanceRightAuthority, Validity=10, Functional_role_Certificate=ECU Supplier - Development - ATG - AAGW01T, company_name=Robert Bosch, Functional_role_supplier=ECU Supplier - Development - ATG, User_role_EA=Development ENHANCED/After-Sales ENHANCED, Orgin_COT=Root E1}]]>
              </value>
            </param>
          </params>
          <reporter-output>
          </reporter-output>
        </test-method> <!-- development_Global_Regression_E2E_Supplier -->
      </class> <!-- DAMS.Testcases.Regression_Suite.Supplier.TC005_Supplier_Development_FR_ATG -->
    </test> <!-- Test Results -->
  </suite> <!-- Suite -->
</testng-results>
