<?xml version="1.0" encoding="UTF-8"?>
<!-- Generated by org.testng.reporters.JUnitXMLReporter -->
<testsuite ignored="9" hostname="DTC-5CG2190CH4" failures="5" tests="5" name="Test" time="0.467" errors="0" timestamp="2025-08-06T16:01:19 IST">
  <testcase classname="DAMS.Testcases.Smoke_Suite_1.TC04_STD_ATG_FRrejected" name="Funtional_role_request_rejected_Supplier" time="0.021">
    <failure type="java.lang.NullPointerException" message="Cannot invoke &amp;quot;com.aventstack.extentreports.ExtentTest.log(com.aventstack.extentreports.Status, String)&amp;quot; because &amp;quot;DAMS.Resources.Listeners.test&amp;quot; is null">
      <![CDATA[java.lang.NullPointerException: Cannot invoke "com.aventstack.extentreports.ExtentTest.log(com.aventstack.extentreports.Status, String)" because "DAMS.Resources.Listeners.test" is null
at DAMS.Testcases.Smoke_Suite_1.TC04_STD_ATG_FRrejected.Funtional_role_request_rejected_Supplier(TC04_STD_ATG_FRrejected.java:41)
at java.base/java.util.ArrayList.forEach(ArrayList.java:1596)
... Removed 25 stack frames]]>
    </failure>
  </testcase> <!-- Funtional_role_request_rejected_Supplier -->
  <testcase classname="DAMS.Testcases.Smoke_Suite_1.TC02_Requests_STD_GLOBAL" name="apply_supplier_functional_role_create_test_case" time="0.002">
    <failure type="java.lang.NullPointerException" message="Cannot invoke &amp;quot;com.aventstack.extentreports.ExtentTest.log(com.aventstack.extentreports.Status, String)&amp;quot; because &amp;quot;DAMS.Resources.Listeners.test&amp;quot; is null">
      <![CDATA[java.lang.NullPointerException: Cannot invoke "com.aventstack.extentreports.ExtentTest.log(com.aventstack.extentreports.Status, String)" because "DAMS.Resources.Listeners.test" is null
at DAMS.Testcases.Smoke_Suite_1.TC02_Requests_STD_GLOBAL.apply_supplier_functional_role_create_test_case(TC02_Requests_STD_GLOBAL.java:54)
at java.base/java.util.ArrayList.forEach(ArrayList.java:1596)
... Removed 25 stack frames]]>
    </failure>
  </testcase> <!-- apply_supplier_functional_role_create_test_case -->
  <testcase classname="DAMS.Testcases.Smoke_Suite_1.TC05_STD_GLOBAL_FRrejected" name="Funtional_role_request_rejected_Supplier" time="0.002">
    <failure type="java.lang.NullPointerException" message="Cannot invoke &amp;quot;com.aventstack.extentreports.ExtentTest.log(com.aventstack.extentreports.Status, String)&amp;quot; because &amp;quot;DAMS.Resources.Listeners.test&amp;quot; is null">
      <![CDATA[java.lang.NullPointerException: Cannot invoke "com.aventstack.extentreports.ExtentTest.log(com.aventstack.extentreports.Status, String)" because "DAMS.Resources.Listeners.test" is null
at DAMS.Testcases.Smoke_Suite_1.TC05_STD_GLOBAL_FRrejected.Funtional_role_request_rejected_Supplier(TC05_STD_GLOBAL_FRrejected.java:40)
at java.base/java.util.ArrayList.forEach(ArrayList.java:1596)
... Removed 25 stack frames]]>
    </failure>
  </testcase> <!-- Funtional_role_request_rejected_Supplier -->
  <testcase classname="DAMS.Testcases.Smoke_Suite_1.TC03_Requests_STD_ATG_FR" name="apply_supplier_functional_role_create_test_case" time="0.002">
    <failure type="java.lang.NullPointerException" message="Cannot invoke &amp;quot;com.aventstack.extentreports.ExtentTest.log(com.aventstack.extentreports.Status, String)&amp;quot; because &amp;quot;DAMS.Resources.Listeners.test&amp;quot; is null">
      <![CDATA[java.lang.NullPointerException: Cannot invoke "com.aventstack.extentreports.ExtentTest.log(com.aventstack.extentreports.Status, String)" because "DAMS.Resources.Listeners.test" is null
at DAMS.Testcases.Smoke_Suite_1.TC03_Requests_STD_ATG_FR.apply_supplier_functional_role_create_test_case(TC03_Requests_STD_ATG_FR.java:49)
at java.base/java.util.ArrayList.forEach(ArrayList.java:1596)
... Removed 25 stack frames]]>
    </failure>
  </testcase> <!-- apply_supplier_functional_role_create_test_case -->
  <testcase classname="DAMS.Testcases.Smoke_Suite_1.TC01_Login_MFA" name="login_with_addressing_MFA" time="0.004">
    <failure type="java.lang.NullPointerException" message="Cannot invoke &amp;quot;com.aventstack.extentreports.ExtentTest.log(com.aventstack.extentreports.Status, String)&amp;quot; because &amp;quot;DAMS.Resources.Listeners.test&amp;quot; is null">
      <![CDATA[java.lang.NullPointerException: Cannot invoke "com.aventstack.extentreports.ExtentTest.log(com.aventstack.extentreports.Status, String)" because "DAMS.Resources.Listeners.test" is null
at DAMS.Testcases.Smoke_Suite_1.TC01_Login_MFA.login_with_addressing_MFA(TC01_Login_MFA.java:13)
at java.base/java.util.ArrayList.forEach(ArrayList.java:1596)
... Removed 25 stack frames]]>
    </failure>
  </testcase> <!-- login_with_addressing_MFA -->
  <testcase classname="DAMS.Testcases.Smoke_Suite_1.TC01_Login_MFA" name="login_with_addressing_MFA_normal" time="0.0">
    <ignored/>
  </testcase> <!-- login_with_addressing_MFA_normal -->
  <testcase classname="DAMS.Testcases.Smoke_Suite_1.TC05_STD_GLOBAL_FRrejected" name="Funtional_role_request_rejected_Internal" time="0.0">
    <ignored/>
  </testcase> <!-- Funtional_role_request_rejected_Internal -->
  <testcase classname="DAMS.Testcases.Smoke_Suite_1.TC04_STD_ATG_FRrejected" name="Funtional_role_request_rejected_External" time="0.0">
    <ignored/>
  </testcase> <!-- Funtional_role_request_rejected_External -->
  <testcase classname="DAMS.Testcases.Smoke_Suite_1.TC02_Requests_STD_GLOBAL" name="apply_External_functional_role_create_test_case" time="0.0">
    <ignored/>
  </testcase> <!-- apply_External_functional_role_create_test_case -->
  <testcase classname="DAMS.Testcases.Smoke_Suite_1.TC02_Requests_STD_GLOBAL" name="apply_internal_functional_role_create_test_case" time="0.0">
    <ignored/>
  </testcase> <!-- apply_internal_functional_role_create_test_case -->
  <testcase classname="DAMS.Testcases.Smoke_Suite_1.TC03_Requests_STD_ATG_FR" name="apply_External_functional_role_create_test_case" time="0.0">
    <ignored/>
  </testcase> <!-- apply_External_functional_role_create_test_case -->
  <testcase classname="DAMS.Testcases.Smoke_Suite_1.TC03_Requests_STD_ATG_FR" name="apply_internal_functional_role_create_test_case" time="0.0">
    <ignored/>
  </testcase> <!-- apply_internal_functional_role_create_test_case -->
  <testcase classname="DAMS.Testcases.Smoke_Suite_1.TC05_STD_GLOBAL_FRrejected" name="Funtional_role_request_rejected_External" time="0.0">
    <ignored/>
  </testcase> <!-- Funtional_role_request_rejected_External -->
  <testcase classname="DAMS.Testcases.Smoke_Suite_1.TC04_STD_ATG_FRrejected" name="Funtional_role_request_rejected_Internal" time="0.0">
    <ignored/>
  </testcase> <!-- Funtional_role_request_rejected_Internal -->
</testsuite> <!-- Test -->
