<?xml version="1.0" encoding="UTF-8"?>
<!-- Generated by org.testng.reporters.JUnitXMLReporter -->
<testsuite ignored="0" hostname="DESKTOP-05DVESU" failures="1" tests="1" name="Test Results" time="109.151" errors="0" timestamp="2025-12-13T19:52:57 IST">
  <testcase classname="DAMS.Testcases.Regression_Suite.Supplier.TC001_Supplier_KeyManagement_FR_Global" name="development_Global_Regression_E2E_Supplier" time="108.871">
    <failure type="org.openqa.selenium.TimeoutException" message="Expected condition failed: waiting for element to be clickable: [[ChromeDriver: chrome on WINDOWS (3839c9b91bde33c6d8ad4b6b1a5b4539)] -&amp;gt; xpath: //button[@type=&amp;quot;submit&amp;quot;]] (tried for 15 second(s) with 500 milliseconds interval)
Build info: version: &amp;apos;4.3.0&amp;apos;, revision: &amp;apos;a4995e2c09*&amp;apos;
System info: host: &amp;apos;DESKTOP-05DVESU&amp;apos;, ip: &amp;apos;192.168.31.39&amp;apos;, os.name: &amp;apos;Windows 11&amp;apos;, os.arch: &amp;apos;amd64&amp;apos;, os.version: &amp;apos;10.0&amp;apos;, java.version: &amp;apos;17.0.8.1&amp;apos;
Driver info: org.openqa.selenium.chrome.ChromeDriver
Capabilities {acceptInsecureCerts: true, browserName: chrome, browserVersion: 143.0.7499.40, chrome: {chromedriverVersion: 143.0.7499.42 (24bdc8c48a0c..., userDataDir: C:\Users\Admin\AppData\Loca...}, fedcm:accounts: true, goog:chromeOptions: {debuggerAddress: localhost:55109}, goog:processID: 20508, networkConnectionEnabled: false, pageLoadStrategy: normal, platformName: WINDOWS, proxy: Proxy(), se:cdp: ws://localhost:55109/devtoo..., se:cdpVersion: 143.0.7499.40, setWindowRect: true, strictFileInteractability: false, timeouts: {implicit: 0, pageLoad: 300000, script: 30000}, unhandledPromptBehavior: dismiss and notify, webauthn:extension:credBlob: true, webauthn:extension:largeBlob: true, webauthn:extension:minPinLength: true, webauthn:extension:prf: true, webauthn:virtualAuthenticators: true}
Session ID: 3839c9b91bde33c6d8ad4b6b1a5b4539">
      <![CDATA[org.openqa.selenium.TimeoutException: Expected condition failed: waiting for element to be clickable: [[ChromeDriver: chrome on WINDOWS (3839c9b91bde33c6d8ad4b6b1a5b4539)] -> xpath: //button[@type="submit"]] (tried for 15 second(s) with 500 milliseconds interval)
Build info: version: '4.3.0', revision: 'a4995e2c09*'
System info: host: 'DESKTOP-05DVESU', ip: '192.168.31.39', os.name: 'Windows 11', os.arch: 'amd64', os.version: '10.0', java.version: '17.0.8.1'
Driver info: org.openqa.selenium.chrome.ChromeDriver
Capabilities {acceptInsecureCerts: true, browserName: chrome, browserVersion: 143.0.7499.40, chrome: {chromedriverVersion: 143.0.7499.42 (24bdc8c48a0c..., userDataDir: C:\Users\Admin\AppData\Loca...}, fedcm:accounts: true, goog:chromeOptions: {debuggerAddress: localhost:55109}, goog:processID: 20508, networkConnectionEnabled: false, pageLoadStrategy: normal, platformName: WINDOWS, proxy: Proxy(), se:cdp: ws://localhost:55109/devtoo..., se:cdpVersion: 143.0.7499.40, setWindowRect: true, strictFileInteractability: false, timeouts: {implicit: 0, pageLoad: 300000, script: 30000}, unhandledPromptBehavior: dismiss and notify, webauthn:extension:credBlob: true, webauthn:extension:largeBlob: true, webauthn:extension:minPinLength: true, webauthn:extension:prf: true, webauthn:virtualAuthenticators: true}
Session ID: 3839c9b91bde33c6d8ad4b6b1a5b4539
at org.openqa.selenium.support.ui.WebDriverWait.timeoutException(WebDriverWait.java:87)
at org.openqa.selenium.support.ui.FluentWait.until(FluentWait.java:231)
at DAMS.Resources.AbstractComponents.waitForelementToBeClickable(AbstractComponents.java:75)
at DAMS.PageObjects.New_Functional_Role_Request_Page.submit_button(New_Functional_Role_Request_Page.java:463)
at DAMS.PageObjects.New_Functional_Role_Request_Page.raise_Supplier_functional_role_request(New_Functional_Role_Request_Page.java:702)
at DAMS.Testcases.Smoke_Suite_1.TC02_Requests_STD_GLOBAL.raise_Supplier_functional_role(TC02_Requests_STD_GLOBAL.java:173)
at DAMS.Testcases.Smoke_Suite_1.TC06_STD_GLOBAL_FRapproved.create_and_approve_Supplier_FR_request(TC06_STD_GLOBAL_FRapproved.java:106)
at DAMS.Testcases.Smoke_Suite_1.TC06_STD_GLOBAL_FRapproved.Functional_role_request_approved_Supplier(TC06_STD_GLOBAL_FRapproved.java:48)
at DAMS.Testcases.Regression_Suite.Supplier.TC001_Supplier_KeyManagement_FR_Global.development_Global_Regression_E2E_Supplier(TC001_Supplier_KeyManagement_FR_Global.java:36)
at java.base/java.util.ArrayList.forEach(ArrayList.java:1511)
... Removed 27 stack frames]]>
    </failure>
  </testcase> <!-- development_Global_Regression_E2E_Supplier -->
</testsuite> <!-- Test Results -->
