<?xml version="1.0" encoding="UTF-8"?>
<!-- Generated by org.testng.reporters.JUnitReportReporter -->
<testsuite hostname="DTC-5CG2190CH4" failures="0" tests="1" name="DAMS.Testcases.Smoke_Suite_1.TC81_ADD_UpdateFR_ECU_Approved" time="185.321" errors="0" timestamp="2025-08-21T15:06:20 IST" skipped="0">
  <testcase classname="DAMS.Testcases.Smoke_Suite_1.TC81_ADD_UpdateFR_ECU_Approved" name="add_functional_role_SpecialAccess_Approved" time="185.321"/>
  <system-out/>
</testsuite> <!-- DAMS.Testcases.Smoke_Suite_1.TC81_ADD_UpdateFR_ECU_Approved -->
