<?xml version="1.0" encoding="UTF-8"?>
<!-- Generated by org.testng.reporters.JUnitReportReporter -->
<testsuite hostname="DTC-5CG2190CH4" failures="0" tests="3" name="DAMS.Testcases.Smoke_Suite_1.TC06_STD_GLOBAL_FRapproved" time="283.361" errors="0" timestamp="2026-01-07T17:05:12 IST" skipped="2">
  <testcase classname="DAMS.Testcases.Smoke_Suite_1.TC06_STD_GLOBAL_FRapproved" name="Functional_role_request_approved_Supplier" time="283.361"/>
  <system-out/>
  <testcase classname="DAMS.Testcases.Smoke_Suite_1.TC06_STD_GLOBAL_FRapproved" name="Functional_role_request_approved_Internal">
    <skipped/>
  </testcase> <!-- Functional_role_request_approved_Internal -->
  <system-out/>
  <testcase classname="DAMS.Testcases.Smoke_Suite_1.TC06_STD_GLOBAL_FRapproved" name="Functional_role_request_approved_External">
    <skipped/>
  </testcase> <!-- Functional_role_request_approved_External -->
  <system-out/>
</testsuite> <!-- DAMS.Testcases.Smoke_Suite_1.TC06_STD_GLOBAL_FRapproved -->
