<?xml version="1.0" encoding="UTF-8"?>
<!-- Generated by org.testng.reporters.JUnitReportReporter -->
<testsuite hostname="DTC-5CG2190CH4" failures="0" tests="2" name="DAMS.Testcases.Smoke_Suite_1.TC37_EnhanceRightAuthority_ATG_Approved" time="425.674" errors="0" timestamp="2025-07-30T16:45:17 IST" skipped="1">
  <testcase classname="DAMS.Testcases.Smoke_Suite_1.TC37_EnhanceRightAuthority_ATG_Approved" name="approve_Enhance_right_Authority_Request_External_test_case" time="425.674"/>
  <system-out/>
  <testcase classname="DAMS.Testcases.Smoke_Suite_1.TC37_EnhanceRightAuthority_ATG_Approved" name="approve_Enhance_right_Authority_Request_Internal_test_case">
    <skipped/>
  </testcase> <!-- approve_Enhance_right_Authority_Request_Internal_test_case -->
  <system-out/>
</testsuite> <!-- DAMS.Testcases.Smoke_Suite_1.TC37_EnhanceRightAuthority_ATG_Approved -->
