<?xml version="1.0" encoding="UTF-8"?>
<!-- Generated by org.testng.reporters.JUnitReportReporter -->
<testsuite hostname="DESKTOP-H9DVS6C" failures="0" tests="3" name="DAMS.Testcases.Smoke_Suite.TC06_STD_ATG_FRrejected" time="95.268" errors="0" timestamp="2025-07-01T15:43:17 IST" skipped="2">
  <testcase classname="DAMS.Testcases.Smoke_Suite.TC06_STD_ATG_FRrejected" name="Funtional_role_request_rejected_Internal" time="95.268"/>
  <system-out/>
  <testcase classname="DAMS.Testcases.Smoke_Suite.TC06_STD_ATG_FRrejected" name="Funtional_role_request_rejected_Supplier">
    <skipped/>
  </testcase> <!-- Funtional_role_request_rejected_Supplier -->
  <system-out/>
  <testcase classname="DAMS.Testcases.Smoke_Suite.TC06_STD_ATG_FRrejected" name="Funtional_role_request_rejected_External">
    <skipped/>
  </testcase> <!-- Funtional_role_request_rejected_External -->
  <system-out/>
</testsuite> <!-- DAMS.Testcases.Smoke_Suite.TC06_STD_ATG_FRrejected -->
