<?xml version="1.0" encoding="UTF-8"?>
<!-- Generated by org.testng.reporters.JUnitReportReporter -->
<testsuite hostname="DESKTOP-H9DVS6C" failures="0" tests="3" name="DAMS.Testcases.Smoke_Suite_1.TC22_NestT_SeriesCOT_GLOBAL_Approved" time="335.436" errors="0" timestamp="2025-08-04T02:59:18 IST" skipped="2">
  <testcase classname="DAMS.Testcases.Smoke_Suite_1.TC22_NestT_SeriesCOT_GLOBAL_Approved" name="create_and_reject_NestT__Request_External_test_case" time="335.436"/>
  <system-out/>
  <testcase classname="DAMS.Testcases.Smoke_Suite_1.TC22_NestT_SeriesCOT_GLOBAL_Approved" name="create_and_Approve_NestT__Request_Internal_test_case">
    <skipped/>
  </testcase> <!-- create_and_Approve_NestT__Request_Internal_test_case -->
  <system-out/>
  <testcase classname="DAMS.Testcases.Smoke_Suite_1.TC22_NestT_SeriesCOT_GLOBAL_Approved" name="create_and_Approve_NestT__Request_Supplier_test_case">
    <skipped/>
  </testcase> <!-- create_and_Approve_NestT__Request_Supplier_test_case -->
  <system-out/>
</testsuite> <!-- DAMS.Testcases.Smoke_Suite_1.TC22_NestT_SeriesCOT_GLOBAL_Approved -->
