<?xml version="1.0" encoding="UTF-8"?>
<!-- Generated by org.testng.reporters.JUnitReportReporter -->
<testsuite hostname="DESKTOP-05DVESU" failures="0" tests="1" name="DAMS.Testcases.Smoke_Suite_1.TC87_SpecialEnhancedRight_Approved" time="364.865" errors="0" timestamp="2026-01-09T00:54:10 IST" skipped="0">
  <testcase classname="DAMS.Testcases.Smoke_Suite_1.TC87_SpecialEnhancedRight_Approved" name="approve_Special_Enhance_Right_Request" time="364.865"/>
  <system-out/>
</testsuite> <!-- DAMS.Testcases.Smoke_Suite_1.TC87_SpecialEnhancedRight_Approved -->
