<?xml version="1.0" encoding="UTF-8"?>
<!-- Generated by org.testng.reporters.JUnitReportReporter -->
<testsuite hostname="DTC-5CG2190CH4" failures="0" tests="1" name="DAMS.Testcases.Smoke_Suite_1.TC71_OnboardNewECU_Pending" time="55.042" errors="0" timestamp="2025-08-19T18:38:28 IST" skipped="0">
  <testcase classname="DAMS.Testcases.Smoke_Suite_1.TC71_OnboardNewECU_Pending" name="create_Diagnostic_Authority__Request_Internal_test_case" time="55.042"/>
  <system-out/>
</testsuite> <!-- DAMS.Testcases.Smoke_Suite_1.TC71_OnboardNewECU_Pending -->
