<?xml version="1.0" encoding="UTF-8"?>
<!-- Generated by org.testng.reporters.JUnitReportReporter -->
<testsuite hostname="DESKTOP-05DVESU" failures="0" tests="1" name="DAMS.Testcases.Smoke_Suite_1.TC57_ServicePrinciple_Production_Reject" time="123.574" errors="0" timestamp="2026-02-04T22:10:55 IST" skipped="0">
  <testcase classname="DAMS.Testcases.Smoke_Suite_1.TC57_ServicePrinciple_Production_Reject" name="servicePrincipal_STD_Procudtion_Rejected" time="123.574"/>
  <system-out/>
</testsuite> <!-- DAMS.Testcases.Smoke_Suite_1.TC57_ServicePrinciple_Production_Reject -->
