<?xml version="1.0" encoding="UTF-8"?>
<!-- Generated by org.testng.reporters.JUnitReportReporter -->
<testsuite hostname="DTC-5CG2190CH4" failures="0" tests="3" name="DAMS.Testcases.Smoke_Suite.TC_021_Replacement_package_approved_status" time="294.197" errors="0" timestamp="2025-06-26T14:37:48 IST" skipped="2">
  <testcase classname="DAMS.Testcases.Smoke_Suite.TC_021_Replacement_package_approved_status" name="create_and_approve_Replacement_package_request_Internal" time="294.197"/>
  <system-out/>
  <testcase classname="DAMS.Testcases.Smoke_Suite.TC_021_Replacement_package_approved_status" name="create_and_approve_Replacement_package_request_Supplier">
    <skipped/>
  </testcase> <!-- create_and_approve_Replacement_package_request_Supplier -->
  <system-out/>
  <testcase classname="DAMS.Testcases.Smoke_Suite.TC_021_Replacement_package_approved_status" name="create_and_approve_Replacement_package_request_External">
    <skipped/>
  </testcase> <!-- create_and_approve_Replacement_package_request_External -->
  <system-out/>
</testsuite> <!-- DAMS.Testcases.Smoke_Suite.TC_021_Replacement_package_approved_status -->
