<?xml version="1.0" encoding="UTF-8"?>
<!-- Generated by org.testng.reporters.JUnitReportReporter -->
<testsuite hostname="DESKTOP-05DVESU" failures="0" tests="1" name="DAMS.Testcases.Smoke_Suite_1.TC60_ServicePrincipal_xOTA_Rejected" time="120.587" errors="0" timestamp="2026-02-04T23:05:36 IST" skipped="0">
  <testcase classname="DAMS.Testcases.Smoke_Suite_1.TC60_ServicePrincipal_xOTA_Rejected" name="servicePrincipal_STD_XOTA_Rejected" time="120.587"/>
  <system-out/>
</testsuite> <!-- DAMS.Testcases.Smoke_Suite_1.TC60_ServicePrincipal_xOTA_Rejected -->
