<?xml version="1.0" encoding="UTF-8"?>
<!-- Generated by org.testng.reporters.JUnitReportReporter -->
<testsuite hostname="DESKTOP-05DVESU" failures="0" tests="3" name="DAMS.Testcases.Regression_Suite.Overall.TC014_External_OverAll_Run" time="4321.556" errors="0" timestamp="2026-02-20T01:31:25 IST" skipped="0">
  <testcase classname="DAMS.Testcases.Regression_Suite.Overall.TC014_External_OverAll_Run" name="Overall_Global_ATG_Regression_E2E_External" time="1289.531"/>
  <system-out/>
  <testcase classname="DAMS.Testcases.Regression_Suite.Overall.TC014_External_OverAll_Run" name="Overall_Global_ATG_Regression_E2E_External" time="1515.869"/>
  <system-out/>
  <testcase classname="DAMS.Testcases.Regression_Suite.Overall.TC014_External_OverAll_Run" name="Overall_Global_ATG_Regression_E2E_External" time="1516.156"/>
  <system-out/>
</testsuite> <!-- DAMS.Testcases.Regression_Suite.Overall.TC014_External_OverAll_Run -->
