<?xml version="1.0" encoding="UTF-8"?>
<!-- Generated by org.testng.reporters.JUnitReportReporter -->
<testsuite hostname="DTC-5CG2190CH4" failures="0" tests="3" name="DAMS.Testcases.Smoke_Suite_1.TC47_ReplacementPackage_RootLink_ATG" time="197.687" errors="0" timestamp="2025-07-31T17:59:56 IST" skipped="2">
  <testcase classname="DAMS.Testcases.Smoke_Suite_1.TC47_ReplacementPackage_RootLink_ATG" name="create_replacemnet_package_External" time="197.687"/>
  <system-out/>
  <testcase classname="DAMS.Testcases.Smoke_Suite_1.TC47_ReplacementPackage_RootLink_ATG" name="create_replacemnet_package_Supplier">
    <skipped/>
  </testcase> <!-- create_replacemnet_package_Supplier -->
  <system-out/>
  <testcase classname="DAMS.Testcases.Smoke_Suite_1.TC47_ReplacementPackage_RootLink_ATG" name="create_replacement_package_Internal">
    <skipped/>
  </testcase> <!-- create_replacement_package_Internal -->
  <system-out/>
</testsuite> <!-- DAMS.Testcases.Smoke_Suite_1.TC47_ReplacementPackage_RootLink_ATG -->
