<?xml version="1.0" encoding="UTF-8"?>
<!-- Generated by org.testng.reporters.JUnitReportReporter -->
<testsuite hostname="DESKTOP-05DVESU" failures="0" tests="1" name="DAMS.Testcases.Smoke_Suite_1.TC75_ThirdParty_Publisher" time="76.304" errors="0" timestamp="2025-11-14T16:58:35 IST" skipped="0">
  <testcase classname="DAMS.Testcases.Smoke_Suite_1.TC75_ThirdParty_Publisher" name="raise_Third_Party_Request" time="76.304"/>
  <system-out/>
</testsuite> <!-- DAMS.Testcases.Smoke_Suite_1.TC75_ThirdParty_Publisher -->
