<?xml version="1.0" encoding="UTF-8"?>
<!-- Generated by org.testng.reporters.JUnitReportReporter -->
<testsuite hostname="DESKTOP-05DVESU" failures="0" tests="1" name="DAMS.Testcases.Regression_Suite.Supplier.TC001_Supplier_KeyManagement_FR_Global" time="316.159" errors="1" timestamp="2026-03-23T17:29:40 IST" skipped="0">
  <testcase classname="DAMS.Testcases.Regression_Suite.Supplier.TC001_Supplier_KeyManagement_FR_Global" name="development_Global_Regression_E2E_Supplier" time="316.159">
    <error message="Cannot invoke &quot;String.split(String)&quot; because &quot;create_DA_requests&quot; is null" type="java.lang.NullPointerException">
      <![CDATA[java.lang.NullPointerException: Cannot invoke "String.split(String)" because "create_DA_requests" is null
at DAMS.Testcases.Regression_Suite.Supplier.TC001_Supplier_KeyManagement_FR_Global.approve_DA_request(TC001_Supplier_KeyManagement_FR_Global.java:98)
at DAMS.Testcases.Regression_Suite.Supplier.TC001_Supplier_KeyManagement_FR_Global.development_Global_Regression_E2E_Supplier(TC001_Supplier_KeyManagement_FR_Global.java:51)
at java.base/jdk.internal.reflect.NativeMethodAccessorImpl.invoke0(Native Method)
at java.base/jdk.internal.reflect.NativeMethodAccessorImpl.invoke(NativeMethodAccessorImpl.java:77)
at java.base/jdk.internal.reflect.DelegatingMethodAccessorImpl.invoke(DelegatingMethodAccessorImpl.java:43)
at java.base/java.lang.reflect.Method.invoke(Method.java:568)
at org.testng.internal.MethodInvocationHelper.invokeMethod(MethodInvocationHelper.java:134)
at org.testng.internal.TestInvoker.invokeMethod(TestInvoker.java:597)
at org.testng.internal.TestInvoker.invokeTestMethod(TestInvoker.java:173)
at org.testng.internal.MethodRunner.runInSequence(MethodRunner.java:46)
at org.testng.internal.TestInvoker$MethodInvocationAgent.invoke(TestInvoker.java:816)
at org.testng.internal.TestInvoker.invokeTestMethods(TestInvoker.java:146)
at org.testng.internal.TestMethodWorker.invokeTestMethods(TestMethodWorker.java:146)
at org.testng.internal.TestMethodWorker.run(TestMethodWorker.java:128)
at java.base/java.util.concurrent.ThreadPoolExecutor.runWorker(ThreadPoolExecutor.java:1136)
at java.base/java.util.concurrent.ThreadPoolExecutor$Worker.run(ThreadPoolExecutor.java:635)
at java.base/java.lang.Thread.run(Thread.java:833)
]]>
    </error>
  </testcase> <!-- development_Global_Regression_E2E_Supplier -->
  <system-out/>
</testsuite> <!-- DAMS.Testcases.Regression_Suite.Supplier.TC001_Supplier_KeyManagement_FR_Global -->
