<?xml version="1.0" encoding="UTF-8"?>
<!-- Generated by org.testng.reporters.JUnitReportReporter -->
<testsuite hostname="DTC-5CG2190CH4" failures="0" tests="2" name="DAMS.Testcases.Smoke_Suite_1.TC003_ServicePrincipal_TestSuite_E2E" time="421.244" errors="1" timestamp="2026-03-25T22:47:08 IST" skipped="1">
  <testcase classname="DAMS.Testcases.Smoke_Suite_1.TC003_ServicePrincipal_TestSuite_E2E" name="service_Principal_Production_E2E" time="421.244">
    <error message="Expected condition failed: waiting for element to be clickable: [[ChromeDriver: chrome on WINDOWS (4ec14d4d921f6b953ebf2b61f6a54c91)] -&gt; xpath: //button[@type=&#039;submit&#039;]] (tried for 20 second(s) with 500 milliseconds interval)
Build info: version: &#039;4.3.0&#039;, revision: &#039;a4995e2c09*&#039;
System info: host: &#039;DTC-5CG2190CH4&#039;, ip: &#039;10.168.99.33&#039;, os.name: &#039;Windows 11&#039;, os.arch: &#039;amd64&#039;, os.version: &#039;10.0&#039;, java.version: &#039;21.0.6&#039;
Driver info: org.openqa.selenium.chrome.ChromeDriver
Capabilities {acceptInsecureCerts: true, browserName: chrome, browserVersion: 146.0.7680.155, chrome: {chromedriverVersion: 146.0.7680.165 (4b989da09e1..., userDataDir: C:\Users\HARNAGA\AppData\Lo...}, fedcm:accounts: true, goog:chromeOptions: {debuggerAddress: localhost:61656}, goog:processID: 20680, networkConnectionEnabled: false, pageLoadStrategy: normal, platformName: WINDOWS, proxy: Proxy(), se:cdp: ws://localhost:61656/devtoo..., se:cdpVersion: 146.0.7680.155, setWindowRect: true, strictFileInteractability: false, timeouts: {implicit: 0, pageLoad: 300000, script: 30000}, unhandledPromptBehavior: dismiss and notify, webauthn:extension:credBlob: true, webauthn:extension:largeBlob: true, webauthn:extension:minPinLength: true, webauthn:extension:prf: true, webauthn:virtualAuthenticators: true}
Session ID: 4ec14d4d921f6b953ebf2b61f6a54c91" type="org.openqa.selenium.TimeoutException">
      <![CDATA[org.openqa.selenium.TimeoutException: Expected condition failed: waiting for element to be clickable: [[ChromeDriver: chrome on WINDOWS (4ec14d4d921f6b953ebf2b61f6a54c91)] -> xpath: //button[@type='submit']] (tried for 20 second(s) with 500 milliseconds interval)
Build info: version: '4.3.0', revision: 'a4995e2c09*'
System info: host: 'DTC-5CG2190CH4', ip: '10.168.99.33', os.name: 'Windows 11', os.arch: 'amd64', os.version: '10.0', java.version: '21.0.6'
Driver info: org.openqa.selenium.chrome.ChromeDriver
Capabilities {acceptInsecureCerts: true, browserName: chrome, browserVersion: 146.0.7680.155, chrome: {chromedriverVersion: 146.0.7680.165 (4b989da09e1..., userDataDir: C:\Users\HARNAGA\AppData\Lo...}, fedcm:accounts: true, goog:chromeOptions: {debuggerAddress: localhost:61656}, goog:processID: 20680, networkConnectionEnabled: false, pageLoadStrategy: normal, platformName: WINDOWS, proxy: Proxy(), se:cdp: ws://localhost:61656/devtoo..., se:cdpVersion: 146.0.7680.155, setWindowRect: true, strictFileInteractability: false, timeouts: {implicit: 0, pageLoad: 300000, script: 30000}, unhandledPromptBehavior: dismiss and notify, webauthn:extension:credBlob: true, webauthn:extension:largeBlob: true, webauthn:extension:minPinLength: true, webauthn:extension:prf: true, webauthn:virtualAuthenticators: true}
Session ID: 4ec14d4d921f6b953ebf2b61f6a54c91
at org.openqa.selenium.support.ui.WebDriverWait.timeoutException(WebDriverWait.java:87)
at org.openqa.selenium.support.ui.FluentWait.until(FluentWait.java:231)
at DAMS.Resources.AbstractComponents.waitForelementToBeClickable(AbstractComponents.java:71)
at DAMS.Resources.AbstractComponents.clickJS(AbstractComponents.java:213)
at DAMS.PageObjects.NewPermission_Request_Page.submit_button(NewPermission_Request_Page.java:369)
at DAMS.PageObjects.NewPermission_Request_Page.raise_Enhance_Right_Request_ServicePrincipal(NewPermission_Request_Page.java:1109)
at DAMS.Testcases.Smoke_Suite_1.TC003_ServicePrincipal_TestSuite_E2E.create_Enhance_Right_Authority_request(TC003_ServicePrincipal_TestSuite_E2E.java:100)
at DAMS.Testcases.Smoke_Suite_1.TC003_ServicePrincipal_TestSuite_E2E.service_Principal_Production_E2E(TC003_ServicePrincipal_TestSuite_E2E.java:32)
at java.base/jdk.internal.reflect.DirectMethodHandleAccessor.invoke(DirectMethodHandleAccessor.java:103)
at java.base/java.lang.reflect.Method.invoke(Method.java:580)
at org.testng.internal.MethodInvocationHelper.invokeMethod(MethodInvocationHelper.java:134)
at org.testng.internal.TestInvoker.invokeMethod(TestInvoker.java:597)
at org.testng.internal.TestInvoker.invokeTestMethod(TestInvoker.java:173)
at org.testng.internal.MethodRunner.runInSequence(MethodRunner.java:46)
at org.testng.internal.TestInvoker$MethodInvocationAgent.invoke(TestInvoker.java:816)
at org.testng.internal.TestInvoker.invokeTestMethods(TestInvoker.java:146)
at org.testng.internal.TestMethodWorker.invokeTestMethods(TestMethodWorker.java:146)
at org.testng.internal.TestMethodWorker.run(TestMethodWorker.java:128)
at java.base/java.util.concurrent.ThreadPoolExecutor.runWorker(ThreadPoolExecutor.java:1144)
at java.base/java.util.concurrent.ThreadPoolExecutor$Worker.run(ThreadPoolExecutor.java:642)
at java.base/java.lang.Thread.run(Thread.java:1583)
]]>
    </error>
  </testcase> <!-- service_Principal_Production_E2E -->
  <system-out/>
  <testcase classname="DAMS.Testcases.Smoke_Suite_1.TC003_ServicePrincipal_TestSuite_E2E" name="service_Principal_XOTA_FOTA_E2E">
    <skipped/>
  </testcase> <!-- service_Principal_XOTA_FOTA_E2E -->
  <system-out/>
</testsuite> <!-- DAMS.Testcases.Smoke_Suite_1.TC003_ServicePrincipal_TestSuite_E2E -->
