<?xml version="1.0" encoding="UTF-8"?>
<!-- Generated by org.testng.reporters.JUnitReportReporter -->
<testsuite hostname="DESKTOP-H9DVS6C" failures="0" tests="3" name="DAMS.Testcases.Smoke_Suite_1.TC13_EnhanceRightAuthority_GLOBAL_Approved" time="270.568" errors="0" timestamp="2025-08-03T23:21:04 IST" skipped="2">
  <testcase classname="DAMS.Testcases.Smoke_Suite_1.TC13_EnhanceRightAuthority_GLOBAL_Approved" name="approve_Enhance_right_Authority_Request_Supplier_test_case" time="270.568"/>
  <system-out/>
  <testcase classname="DAMS.Testcases.Smoke_Suite_1.TC13_EnhanceRightAuthority_GLOBAL_Approved" name="approve_Enhance_right_Authority_Request_External_test_case">
    <skipped/>
  </testcase> <!-- approve_Enhance_right_Authority_Request_External_test_case -->
  <system-out/>
  <testcase classname="DAMS.Testcases.Smoke_Suite_1.TC13_EnhanceRightAuthority_GLOBAL_Approved" name="approve_Enhance_right_Authority_Request_Internal_test_case">
    <skipped/>
  </testcase> <!-- approve_Enhance_right_Authority_Request_Internal_test_case -->
  <system-out/>
</testsuite> <!-- DAMS.Testcases.Smoke_Suite_1.TC13_EnhanceRightAuthority_GLOBAL_Approved -->
