<?xml version="1.0" encoding="UTF-8"?>
<!-- Generated by org.testng.reporters.JUnitReportReporter -->
<testsuite hostname="DESKTOP-05DVESU" failures="0" tests="1" name="DAMS.Testcases.Smoke_Suite_1.TC82_REMOVE_UpdateFR_ECU_Pending" time="104.501" errors="0" timestamp="2025-11-14T18:18:21 IST" skipped="0">
  <testcase classname="DAMS.Testcases.Smoke_Suite_1.TC82_REMOVE_UpdateFR_ECU_Pending" name="remove_functional_role_SpecialAccess_Pending" time="104.501"/>
  <system-out/>
</testsuite> <!-- DAMS.Testcases.Smoke_Suite_1.TC82_REMOVE_UpdateFR_ECU_Pending -->
