<?xml version="1.0" encoding="UTF-8"?>
<!-- Generated by org.testng.reporters.JUnitReportReporter -->
<testsuite hostname="DESKTOP-05DVESU" failures="0" tests="1" name="DAMS.Testcases.Smoke_Suite_1.TC83_REMOVE_UpdateFR_ECU_Rejected" time="122.390" errors="0" timestamp="2026-02-04T23:45:20 IST" skipped="0">
  <testcase classname="DAMS.Testcases.Smoke_Suite_1.TC83_REMOVE_UpdateFR_ECU_Rejected" name="remove_functional_role_SpecialAccess_Reject" time="122.390"/>
  <system-out/>
</testsuite> <!-- DAMS.Testcases.Smoke_Suite_1.TC83_REMOVE_UpdateFR_ECU_Rejected -->
