<?xml version="1.0" encoding="UTF-8"?>
<!-- Generated by org.testng.reporters.JUnitReportReporter -->
<testsuite hostname="DTC-5CG2190CH4" failures="0" tests="3" name="DAMS.Testcases.Regression_Suite.External.TC014_External_OverAll_Run" time="4718.982" errors="0" timestamp="2026-01-06T13:26:05 IST" skipped="0">
  <testcase classname="DAMS.Testcases.Regression_Suite.External.TC014_External_OverAll_Run" name="development_Global_Regression_E2E_External" time="1843.161"/>
  <system-out/>
  <testcase classname="DAMS.Testcases.Regression_Suite.External.TC014_External_OverAll_Run" name="development_Global_Regression_E2E_External" time="1557.867"/>
  <system-out/>
  <testcase classname="DAMS.Testcases.Regression_Suite.External.TC014_External_OverAll_Run" name="development_Global_Regression_E2E_External" time="1317.954"/>
  <system-out/>
</testsuite> <!-- DAMS.Testcases.Regression_Suite.External.TC014_External_OverAll_Run -->
