<?xml version="1.0" encoding="UTF-8"?>
<!-- Generated by org.testng.reporters.JUnitReportReporter -->
<testsuite hostname="DESKTOP-H9DVS6C" failures="0" tests="3" name="DAMS.Testcases.Smoke_Suite.TC13_EnhanceRightAuthority_GLOBAL_Rejected" time="82.612" errors="0" timestamp="2025-07-03T00:33:20 IST" skipped="2">
  <testcase classname="DAMS.Testcases.Smoke_Suite.TC13_EnhanceRightAuthority_GLOBAL_Rejected" name="reject_Enhance_right_Authority_Request_Internal_test_case" time="82.612"/>
  <system-out/>
  <testcase classname="DAMS.Testcases.Smoke_Suite.TC13_EnhanceRightAuthority_GLOBAL_Rejected" name="reject_Enhance_right_Authority_Request_Supplier_test_case">
    <skipped/>
  </testcase> <!-- reject_Enhance_right_Authority_Request_Supplier_test_case -->
  <system-out/>
  <testcase classname="DAMS.Testcases.Smoke_Suite.TC13_EnhanceRightAuthority_GLOBAL_Rejected" name="reject_Enhance_right_Authority_Request_External_test_case">
    <skipped/>
  </testcase> <!-- reject_Enhance_right_Authority_Request_External_test_case -->
  <system-out/>
</testsuite> <!-- DAMS.Testcases.Smoke_Suite.TC13_EnhanceRightAuthority_GLOBAL_Rejected -->
