<?xml version="1.0" encoding="UTF-8"?>
<!-- Generated by org.testng.reporters.JUnitReportReporter -->
<testsuite hostname="DESKTOP-05DVESU" failures="0" tests="1" name="DAMS.Testcases.Smoke_Suite_1.TC64_Production_DA_Approved" time="170.248" errors="0" timestamp="2025-08-14T19:12:02 IST" skipped="0">
  <testcase classname="DAMS.Testcases.Smoke_Suite_1.TC64_Production_DA_Approved" name="create_Diagnostic_Authority__Request_Production_Arroval_test_case" time="170.248"/>
  <system-out/>
</testsuite> <!-- DAMS.Testcases.Smoke_Suite_1.TC64_Production_DA_Approved -->
