<?xml version="1.0" encoding="UTF-8"?>
<!-- Generated by org.testng.reporters.JUnitReportReporter -->
<testsuite hostname="DTC-5CG2190CH4" failures="0" tests="1" name="DAMS.Testcases.Smoke_Suite_1.TC60_ServicePrincipal_xOTA_Rejected" time="96.988" errors="0" timestamp="2025-09-01T15:27:56 IST" skipped="0">
  <testcase classname="DAMS.Testcases.Smoke_Suite_1.TC60_ServicePrincipal_xOTA_Rejected" name="reject_ServicePrincipal_functional_role_create_test_case" time="96.988"/>
  <system-out/>
</testsuite> <!-- DAMS.Testcases.Smoke_Suite_1.TC60_ServicePrincipal_xOTA_Rejected -->
