<?xml version="1.0" encoding="UTF-8"?>
<!-- Generated by org.testng.reporters.JUnitReportReporter -->
<testsuite hostname="DESKTOP-H9DVS6C" failures="0" tests="3" name="DAMS.Testcases.Smoke_Suite.TC_020_Replacement_package_pending_status" time="242.734" errors="0" timestamp="2025-06-22T23:45:26 IST" skipped="2">
  <testcase classname="DAMS.Testcases.Smoke_Suite.TC_020_Replacement_package_pending_status" name="create_replacemnet_package_Internal" time="242.734"/>
  <system-out/>
  <testcase classname="DAMS.Testcases.Smoke_Suite.TC_020_Replacement_package_pending_status" name="create_replacemnet_package_Supplier">
    <skipped/>
  </testcase> <!-- create_replacemnet_package_Supplier -->
  <system-out/>
  <testcase classname="DAMS.Testcases.Smoke_Suite.TC_020_Replacement_package_pending_status" name="create_replacemnet_package_External">
    <skipped/>
  </testcase> <!-- create_replacemnet_package_External -->
  <system-out/>
</testsuite> <!-- DAMS.Testcases.Smoke_Suite.TC_020_Replacement_package_pending_status -->
