<?xml version="1.0" encoding="UTF-8"?>
<!-- Generated by org.testng.reporters.JUnitReportReporter -->
<testsuite hostname="DESKTOP-05DVESU" failures="0" tests="3" name="DAMS.Testcases.Smoke_Suite_1.TC09_Diagnostic_Authority_GLOBAL_Rejected" time="207.006" errors="1" timestamp="2025-08-31T13:51:56 IST" skipped="2">
  <testcase classname="DAMS.Testcases.Smoke_Suite_1.TC09_Diagnostic_Authority_GLOBAL_Rejected" name="create_and_reject_Diagnostic_Authority__Request_test_case_Internal" time="207.006">
    <error message="element click intercepted: Element &lt;mat-select _ngcontent-vhl-c227=&quot;&quot; role=&quot;combobox&quot; aria-autocomplete=&quot;none&quot; aria-haspopup=&quot;true&quot; formcontrolname=&quot;userRole&quot; placeholder=&quot;Please select your user role&quot; class=&quot;mat-select ng-tns-c141-475 ng-tns-c97-474 mat-select-disabled mat-select-required mat-select-empty ng-untouched ng-pristine ng-invalid ng-star-inserted&quot; aria-labelledby=&quot;mat-form-field-label-55 mat-select-value-39&quot; id=&quot;mat-select-38&quot; tabindex=&quot;-1&quot; aria-expanded=&quot;false&quot; aria-required=&quot;true&quot; aria-disabled=&quot;true&quot; aria-invalid=&quot;false&quot;&gt;...&lt;/mat-select&gt; is not clickable at point (774, 533). Other element would receive the click: &lt;div _ngcontent-vhl-c34=&quot;&quot; class=&quot;loading_overlay ng-star-inserted&quot;&gt;...&lt;/div&gt;
  (Session info: chrome=139.0.7258.139)
Build info: version: &#039;4.3.0&#039;, revision: &#039;a4995e2c09*&#039;
System info: host: &#039;DESKTOP-05DVESU&#039;, ip: &#039;10.138.186.190&#039;, os.name: &#039;Windows 10&#039;, os.arch: &#039;amd64&#039;, os.version: &#039;10.0&#039;, java.version: &#039;21.0.4&#039;
Driver info: org.openqa.selenium.chrome.ChromeDriver
Command: [cbcfbc13754c4126135443a2729567c7, clickElement {id=f.23C68673D6ABE9378502AEBCD854DE00.d.9A2F11CC5680643E3EC0D53D78FAC072.e.646}]
Capabilities {acceptInsecureCerts: true, browserName: chrome, browserVersion: 139.0.7258.139, chrome: {chromedriverVersion: 139.0.7258.68 (40ff94600b6e..., userDataDir: C:\Users\Admin\AppData\Loca...}, fedcm:accounts: true, goog:chromeOptions: {debuggerAddress: localhost:55342}, networkConnectionEnabled: false, pageLoadStrategy: normal, platformName: WINDOWS, proxy: Proxy(), se:cdp: ws://localhost:55342/devtoo..., se:cdpVersion: 139.0.7258.139, setWindowRect: true, strictFileInteractability: false, timeouts: {implicit: 0, pageLoad: 300000, script: 30000}, unhandledPromptBehavior: dismiss and notify, webauthn:extension:credBlob: true, webauthn:extension:largeBlob: true, webauthn:extension:minPinLength: true, webauthn:extension:prf: true, webauthn:virtualAuthenticators: true}
Element: [[ChromeDriver: chrome on WINDOWS (cbcfbc13754c4126135443a2729567c7)] -&gt; xpath: //mat-select[@placeholder=&#039;Please select your user role&#039;]]
Session ID: cbcfbc13754c4126135443a2729567c7" type="org.openqa.selenium.ElementClickInterceptedException">
      <![CDATA[org.openqa.selenium.ElementClickInterceptedException: element click intercepted: Element <mat-select _ngcontent-vhl-c227="" role="combobox" aria-autocomplete="none" aria-haspopup="true" formcontrolname="userRole" placeholder="Please select your user role" class="mat-select ng-tns-c141-475 ng-tns-c97-474 mat-select-disabled mat-select-required mat-select-empty ng-untouched ng-pristine ng-invalid ng-star-inserted" aria-labelledby="mat-form-field-label-55 mat-select-value-39" id="mat-select-38" tabindex="-1" aria-expanded="false" aria-required="true" aria-disabled="true" aria-invalid="false">...</mat-select> is not clickable at point (774, 533). Other element would receive the click: <div _ngcontent-vhl-c34="" class="loading_overlay ng-star-inserted">...</div>
  (Session info: chrome=139.0.7258.139)
Build info: version: '4.3.0', revision: 'a4995e2c09*'
System info: host: 'DESKTOP-05DVESU', ip: '10.138.186.190', os.name: 'Windows 10', os.arch: 'amd64', os.version: '10.0', java.version: '21.0.4'
Driver info: org.openqa.selenium.chrome.ChromeDriver
Command: [cbcfbc13754c4126135443a2729567c7, clickElement {id=f.23C68673D6ABE9378502AEBCD854DE00.d.9A2F11CC5680643E3EC0D53D78FAC072.e.646}]
Capabilities {acceptInsecureCerts: true, browserName: chrome, browserVersion: 139.0.7258.139, chrome: {chromedriverVersion: 139.0.7258.68 (40ff94600b6e..., userDataDir: C:\Users\Admin\AppData\Loca...}, fedcm:accounts: true, goog:chromeOptions: {debuggerAddress: localhost:55342}, networkConnectionEnabled: false, pageLoadStrategy: normal, platformName: WINDOWS, proxy: Proxy(), se:cdp: ws://localhost:55342/devtoo..., se:cdpVersion: 139.0.7258.139, setWindowRect: true, strictFileInteractability: false, timeouts: {implicit: 0, pageLoad: 300000, script: 30000}, unhandledPromptBehavior: dismiss and notify, webauthn:extension:credBlob: true, webauthn:extension:largeBlob: true, webauthn:extension:minPinLength: true, webauthn:extension:prf: true, webauthn:virtualAuthenticators: true}
Element: [[ChromeDriver: chrome on WINDOWS (cbcfbc13754c4126135443a2729567c7)] -> xpath: //mat-select[@placeholder='Please select your user role']]
Session ID: cbcfbc13754c4126135443a2729567c7
at java.base/jdk.internal.reflect.DirectConstructorHandleAccessor.newInstance(DirectConstructorHandleAccessor.java:62)
at java.base/java.lang.reflect.Constructor.newInstanceWithCaller(Constructor.java:502)
at java.base/java.lang.reflect.Constructor.newInstance(Constructor.java:486)
at org.openqa.selenium.remote.codec.w3c.W3CHttpResponseCodec.createException(W3CHttpResponseCodec.java:200)
at org.openqa.selenium.remote.codec.w3c.W3CHttpResponseCodec.decode(W3CHttpResponseCodec.java:133)
at org.openqa.selenium.remote.codec.w3c.W3CHttpResponseCodec.decode(W3CHttpResponseCodec.java:53)
at org.openqa.selenium.remote.HttpCommandExecutor.execute(HttpCommandExecutor.java:184)
at org.openqa.selenium.remote.service.DriverCommandExecutor.invokeExecute(DriverCommandExecutor.java:167)
at org.openqa.selenium.remote.service.DriverCommandExecutor.execute(DriverCommandExecutor.java:142)
at org.openqa.selenium.remote.RemoteWebDriver.execute(RemoteWebDriver.java:569)
at org.openqa.selenium.remote.RemoteWebElement.execute(RemoteWebElement.java:257)
at org.openqa.selenium.remote.RemoteWebElement.click(RemoteWebElement.java:78)
at java.base/jdk.internal.reflect.DirectMethodHandleAccessor.invoke(DirectMethodHandleAccessor.java:103)
at java.base/java.lang.reflect.Method.invoke(Method.java:580)
at org.openqa.selenium.support.pagefactory.internal.LocatingElementHandler.invoke(LocatingElementHandler.java:52)
at jdk.proxy2/jdk.proxy2.$Proxy17.click(Unknown Source)
at DAMS.Resources.AbstractComponents.click(AbstractComponents.java:139)
at DAMS.PageObjects.NewPermission_Request_Page.select_user_role(NewPermission_Request_Page.java:215)
at DAMS.PageObjects.NewPermission_Request_Page.Diagnostic_Authority_ECU_Visible_or_not_for_pending_Approved(NewPermission_Request_Page.java:1490)
at DAMS.Testcases.Smoke_Suite_1.TC08_Diagnostic_Authority_GLOBAL.create_Diagnostic_Authority__Request_Internal_test_case(TC08_Diagnostic_Authority_GLOBAL.java:26)
at DAMS.Testcases.Smoke_Suite_1.TC09_Diagnostic_Authority_GLOBAL_Rejected.create_and_reject_Diagnostic_Authority__Request_test_case_Internal(TC09_Diagnostic_Authority_GLOBAL_Rejected.java:26)
at java.base/jdk.internal.reflect.DirectMethodHandleAccessor.invoke(DirectMethodHandleAccessor.java:103)
at java.base/java.lang.reflect.Method.invoke(Method.java:580)
at org.testng.internal.MethodInvocationHelper.invokeMethod(MethodInvocationHelper.java:134)
at org.testng.internal.TestInvoker.invokeMethod(TestInvoker.java:597)
at org.testng.internal.TestInvoker.invokeTestMethod(TestInvoker.java:173)
at org.testng.internal.MethodRunner.runInSequence(MethodRunner.java:46)
at org.testng.internal.TestInvoker$MethodInvocationAgent.invoke(TestInvoker.java:816)
at org.testng.internal.TestInvoker.invokeTestMethods(TestInvoker.java:146)
at org.testng.internal.TestMethodWorker.invokeTestMethods(TestMethodWorker.java:146)
at org.testng.internal.TestMethodWorker.run(TestMethodWorker.java:128)
at java.base/java.util.ArrayList.forEach(ArrayList.java:1596)
at org.testng.TestRunner.privateRun(TestRunner.java:766)
at org.testng.TestRunner.run(TestRunner.java:587)
at org.testng.SuiteRunner.runTest(SuiteRunner.java:384)
at org.testng.SuiteRunner.runSequentially(SuiteRunner.java:378)
at org.testng.SuiteRunner.privateRun(SuiteRunner.java:337)
at org.testng.SuiteRunner.run(SuiteRunner.java:286)
at org.testng.SuiteRunnerWorker.runSuite(SuiteRunnerWorker.java:53)
at org.testng.SuiteRunnerWorker.run(SuiteRunnerWorker.java:96)
at org.testng.TestNG.runSuitesSequentially(TestNG.java:1187)
at org.testng.TestNG.runSuitesLocally(TestNG.java:1109)
at org.testng.TestNG.runSuites(TestNG.java:1039)
at org.testng.TestNG.run(TestNG.java:1007)
at org.testng.remote.AbstractRemoteTestNG.run(AbstractRemoteTestNG.java:115)
at org.testng.remote.RemoteTestNG.initAndRun(RemoteTestNG.java:293)
at org.testng.remote.RemoteTestNG.main(RemoteTestNG.java:91)
]]>
    </error>
  </testcase> <!-- create_and_reject_Diagnostic_Authority__Request_test_case_Internal -->
  <system-out/>
  <testcase classname="DAMS.Testcases.Smoke_Suite_1.TC09_Diagnostic_Authority_GLOBAL_Rejected" name="create_and_reject_Diagnostic_Authority__Request_test_case_Supplier">
    <skipped/>
  </testcase> <!-- create_and_reject_Diagnostic_Authority__Request_test_case_Supplier -->
  <system-out/>
  <testcase classname="DAMS.Testcases.Smoke_Suite_1.TC09_Diagnostic_Authority_GLOBAL_Rejected" name="create_and_reject_Diagnostic_Authority__Request_test_case_External">
    <skipped/>
  </testcase> <!-- create_and_reject_Diagnostic_Authority__Request_test_case_External -->
  <system-out/>
</testsuite> <!-- DAMS.Testcases.Smoke_Suite_1.TC09_Diagnostic_Authority_GLOBAL_Rejected -->
