<?xml version="1.0" encoding="UTF-8"?>
<!-- Generated by org.testng.reporters.JUnitReportReporter -->
<testsuite hostname="DESKTOP-05DVESU" failures="0" tests="1" name="DAMS.Testcases.Smoke_Suite_1.TC72_OnboardNewECU_Rejected" time="257.929" errors="0" timestamp="2025-08-31T12:29:36 IST" skipped="0">
  <testcase classname="DAMS.Testcases.Smoke_Suite_1.TC72_OnboardNewECU_Rejected" name="create_Diagnostic_Authority__Request_Internal_test_case" time="257.929"/>
  <system-out/>
</testsuite> <!-- DAMS.Testcases.Smoke_Suite_1.TC72_OnboardNewECU_Rejected -->
