<?xml version="1.0" encoding="UTF-8"?>
<!-- Generated by org.testng.reporters.JUnitReportReporter -->
<testsuite hostname="DTC-5CG2190CH4" failures="0" tests="3" name="DAMS.Testcases.Smoke_Suite_1.TC23_Replacement_package_pending_GLOBAL" time="177.013" errors="0" timestamp="2025-07-08T11:41:00 IST" skipped="2">
  <testcase classname="DAMS.Testcases.Smoke_Suite_1.TC23_Replacement_package_pending_GLOBAL" name="create_replacement_package_Internal" time="177.013"/>
  <system-out/>
  <testcase classname="DAMS.Testcases.Smoke_Suite_1.TC23_Replacement_package_pending_GLOBAL" name="create_replacemnet_package_External">
    <skipped/>
  </testcase> <!-- create_replacemnet_package_External -->
  <system-out/>
  <testcase classname="DAMS.Testcases.Smoke_Suite_1.TC23_Replacement_package_pending_GLOBAL" name="create_replacemnet_package_Supplier">
    <skipped/>
  </testcase> <!-- create_replacemnet_package_Supplier -->
  <system-out/>
</testsuite> <!-- DAMS.Testcases.Smoke_Suite_1.TC23_Replacement_package_pending_GLOBAL -->
