<?xml version="1.0" encoding="UTF-8"?>
<!-- Generated by org.testng.reporters.JUnitReportReporter -->
<testsuite hostname="DTC-5CG2190CH4" failures="0" tests="3" name="DAMS.Testcases.Smoke_Suite_1.TC04_Functional_Role_Request_Overview" time="58.321" errors="0" timestamp="2025-07-04T11:32:23 IST" skipped="2">
  <testcase classname="DAMS.Testcases.Smoke_Suite_1.TC04_Functional_Role_Request_Overview" name="apply_internal_functional_role_create_test_case" time="58.321"/>
  <system-out/>
  <testcase classname="DAMS.Testcases.Smoke_Suite_1.TC04_Functional_Role_Request_Overview" name="apply_External_functional_role_create_test_case">
    <skipped/>
  </testcase> <!-- apply_External_functional_role_create_test_case -->
  <system-out/>
  <testcase classname="DAMS.Testcases.Smoke_Suite_1.TC04_Functional_Role_Request_Overview" name="apply_supplier_functional_role_create_test_case">
    <skipped/>
  </testcase> <!-- apply_supplier_functional_role_create_test_case -->
  <system-out/>
</testsuite> <!-- DAMS.Testcases.Smoke_Suite_1.TC04_Functional_Role_Request_Overview -->
