<?xml version="1.0" encoding="UTF-8"?>
<!-- Generated by org.testng.reporters.JUnitReportReporter -->
<testsuite hostname="DESKTOP-H9DVS6C" failures="0" tests="3" name="DAMS.Testcases.Smoke_Suite.TC_002_Funtional_role_request_pending_status" time="68.531" errors="0" timestamp="2025-05-30T00:37:27 IST" skipped="2">
  <testcase classname="DAMS.Testcases.Smoke_Suite.TC_002_Funtional_role_request_pending_status" name="apply_internal_functional_role_create_test_case" time="68.531"/>
  <system-out/>
  <testcase classname="DAMS.Testcases.Smoke_Suite.TC_002_Funtional_role_request_pending_status" name="apply_External_functional_role_create_test_case">
    <skipped/>
  </testcase> <!-- apply_External_functional_role_create_test_case -->
  <system-out/>
  <testcase classname="DAMS.Testcases.Smoke_Suite.TC_002_Funtional_role_request_pending_status" name="apply_supplier_functional_role_create_test_case">
    <skipped/>
  </testcase> <!-- apply_supplier_functional_role_create_test_case -->
  <system-out/>
</testsuite> <!-- DAMS.Testcases.Smoke_Suite.TC_002_Funtional_role_request_pending_status -->
