<?xml version="1.0" encoding="UTF-8"?>
<!-- Generated by org.testng.reporters.JUnitReportReporter -->
<testsuite hostname="DTC-5CG2190CH4" failures="0" tests="1" name="DAMS.Testcases.Smoke_Suite_1.TC77_ThirdParty_Publisher_Approved" time="67.361" errors="0" timestamp="2025-08-20T16:07:43 IST" skipped="0">
  <testcase classname="DAMS.Testcases.Smoke_Suite_1.TC77_ThirdParty_Publisher_Approved" name="approve_Third_Party_Request" time="67.361"/>
  <system-out/>
</testsuite> <!-- DAMS.Testcases.Smoke_Suite_1.TC77_ThirdParty_Publisher_Approved -->
