<?xml version="1.0" encoding="UTF-8"?>
<!-- Generated by org.testng.reporters.JUnitReportReporter -->
<testsuite hostname="DTC-5CG2190CH4" failures="0" tests="1" name="DAMS.Testcases.Smoke_Suite_1.TC69_xOTA_FOTA_Rejected" time="216.980" errors="0" timestamp="2025-09-01T15:25:59 IST" skipped="0">
  <testcase classname="DAMS.Testcases.Smoke_Suite_1.TC69_xOTA_FOTA_Rejected" name="create_FOTA_Request_ServicePrincipal_test_case" time="216.980"/>
  <system-out/>
</testsuite> <!-- DAMS.Testcases.Smoke_Suite_1.TC69_xOTA_FOTA_Rejected -->
