<?xml version="1.0" encoding="UTF-8"?>
<!-- Generated by org.testng.reporters.JUnitReportReporter -->
<testsuite hostname="DTC-5CG2190CH4" failures="0" tests="2" name="DAMS.Testcases.Smoke_Suite_1.TC49_ReplacementPackage_RootLink_ATG_Approved" time="306.754" errors="0" timestamp="2025-07-31T18:17:49 IST" skipped="1">
  <testcase classname="DAMS.Testcases.Smoke_Suite_1.TC49_ReplacementPackage_RootLink_ATG_Approved" name="create_replacemnet_package_External" time="306.754"/>
  <system-out/>
  <testcase classname="DAMS.Testcases.Smoke_Suite_1.TC49_ReplacementPackage_RootLink_ATG_Approved" name="create_and_reject_Replacement_Request_Internal_test_case">
    <skipped/>
  </testcase> <!-- create_and_reject_Replacement_Request_Internal_test_case -->
  <system-out/>
</testsuite> <!-- DAMS.Testcases.Smoke_Suite_1.TC49_ReplacementPackage_RootLink_ATG_Approved -->
