<?xml version="1.0" encoding="UTF-8"?>
<!-- Generated by org.testng.reporters.JUnitReportReporter -->
<testsuite hostname="DTC-5CG2190CH4" failures="0" tests="3" name="DAMS.Testcases.Smoke_Suite_1.TC001_Global_Smoke_TestSuite_E2E" time="779.570" errors="0" timestamp="2025-08-18T19:02:09 IST" skipped="2">
  <testcase classname="DAMS.Testcases.Smoke_Suite_1.TC001_Global_Smoke_TestSuite_E2E" name="global_Smoke_TestSuite_E2E_Supplier" time="779.570"/>
  <system-out/>
  <testcase classname="DAMS.Testcases.Smoke_Suite_1.TC001_Global_Smoke_TestSuite_E2E" name="global_Smoke_TestSuite_E2E_External">
    <skipped/>
  </testcase> <!-- global_Smoke_TestSuite_E2E_External -->
  <system-out/>
  <testcase classname="DAMS.Testcases.Smoke_Suite_1.TC001_Global_Smoke_TestSuite_E2E" name="global_Smoke_TestSuite_E2E_Internal">
    <skipped/>
  </testcase> <!-- global_Smoke_TestSuite_E2E_Internal -->
  <system-out/>
</testsuite> <!-- DAMS.Testcases.Smoke_Suite_1.TC001_Global_Smoke_TestSuite_E2E -->
