<?xml version="1.0" encoding="UTF-8"?>
<!-- Generated by org.testng.reporters.JUnitReportReporter -->
<testsuite hostname="DESKTOP-H9DVS6C" failures="0" tests="2" name="DAMS.Testcases.Smoke_Suite_1.TC11_EnhanceRightAuthority_GLOBAL" time="198.784" errors="0" timestamp="2025-07-13T16:12:10 IST" skipped="1">
  <testcase classname="DAMS.Testcases.Smoke_Suite_1.TC11_EnhanceRightAuthority_GLOBAL" name="create_Enhance_right_Authority_Request_External_test_case" time="198.784"/>
  <system-out/>
  <testcase classname="DAMS.Testcases.Smoke_Suite_1.TC11_EnhanceRightAuthority_GLOBAL" name="create_Enhance_right_Authority_Request_Internal_test_case">
    <skipped/>
  </testcase> <!-- create_Enhance_right_Authority_Request_Internal_test_case -->
  <system-out/>
</testsuite> <!-- DAMS.Testcases.Smoke_Suite_1.TC11_EnhanceRightAuthority_GLOBAL -->
