<?xml version="1.0" encoding="UTF-8"?>
<!-- Generated by org.testng.reporters.JUnitReportReporter -->
<testsuite hostname="DTC-5CG2190CH4" failures="0" tests="1" name="DAMS.Testcases.Smoke_Suite_1.TC004_SpecialAccess_TestSuite_E2E" time="472.239" errors="0" timestamp="2025-08-28T09:59:30 IST" skipped="0">
  <testcase classname="DAMS.Testcases.Smoke_Suite_1.TC004_SpecialAccess_TestSuite_E2E" name="service_Principal_Production_E2E" time="472.239"/>
  <system-out/>
</testsuite> <!-- DAMS.Testcases.Smoke_Suite_1.TC004_SpecialAccess_TestSuite_E2E -->
