<?xml version="1.0" encoding="UTF-8"?>
<!-- Generated by org.testng.reporters.JUnitReportReporter -->
<testsuite hostname="DTC-5CG2190CH4" failures="0" tests="1" name="DAMS.Testcases.Smoke_Suite_1.TC94_ReadView_Permission" time="96.946" errors="0" timestamp="2025-08-22T17:53:42 IST" skipped="0">
  <testcase classname="DAMS.Testcases.Smoke_Suite_1.TC94_ReadView_Permission" name="read_View_Permission" time="96.946"/>
  <system-out/>
</testsuite> <!-- DAMS.Testcases.Smoke_Suite_1.TC94_ReadView_Permission -->
