<?xml version="1.0" encoding="UTF-8"?>
<!-- Generated by org.testng.reporters.JUnitReportReporter -->
<testsuite hostname="DTC-5CG2190CH4" failures="0" tests="2" name="DAMS.Testcases.Smoke_Suite_1.TC41_NestT_TestCOT_ATG" time="196.836" errors="0" timestamp="2025-07-31T17:16:24 IST" skipped="1">
  <testcase classname="DAMS.Testcases.Smoke_Suite_1.TC41_NestT_TestCOT_ATG" name="create_NestT_Request_External_test_case" time="196.836"/>
  <system-out/>
  <testcase classname="DAMS.Testcases.Smoke_Suite_1.TC41_NestT_TestCOT_ATG" name="create_NestT_Request_Internal_test_case">
    <skipped/>
  </testcase> <!-- create_NestT_Request_Internal_test_case -->
  <system-out/>
</testsuite> <!-- DAMS.Testcases.Smoke_Suite_1.TC41_NestT_TestCOT_ATG -->
