<?xml version="1.0" encoding="UTF-8"?>
<!-- Generated by org.testng.reporters.JUnitReportReporter -->
<testsuite hostname="DTC-5CG2190CH4" failures="0" tests="2" name="DAMS.Testcases.Smoke_Suite_1.TC28_ReplacementPackage_BackendLink_GLOBAL_Approved" time="289.370" errors="0" timestamp="2025-07-29T14:41:41 IST" skipped="1">
  <testcase classname="DAMS.Testcases.Smoke_Suite_1.TC28_ReplacementPackage_BackendLink_GLOBAL_Approved" name="create_replacemnet_package_External" time="289.370"/>
  <system-out/>
  <testcase classname="DAMS.Testcases.Smoke_Suite_1.TC28_ReplacementPackage_BackendLink_GLOBAL_Approved" name="create_and_reject_Replacement_Request_Internal_test_case">
    <skipped/>
  </testcase> <!-- create_and_reject_Replacement_Request_Internal_test_case -->
  <system-out/>
</testsuite> <!-- DAMS.Testcases.Smoke_Suite_1.TC28_ReplacementPackage_BackendLink_GLOBAL_Approved -->
