<?xml version="1.0" encoding="UTF-8"?>
<!-- Generated by org.testng.reporters.JUnitReportReporter -->
<testsuite hostname="DTC-5CG2190CH4" failures="0" tests="3" name="DAMS.Testcases.Smoke_Suite.TC05_STD_GLOBAL_FRrejected" time="91.265" errors="0" timestamp="2025-07-02T18:33:57 IST" skipped="2">
  <testcase classname="DAMS.Testcases.Smoke_Suite.TC05_STD_GLOBAL_FRrejected" name="Funtional_role_request_rejected_Internal" time="91.265"/>
  <system-out/>
  <testcase classname="DAMS.Testcases.Smoke_Suite.TC05_STD_GLOBAL_FRrejected" name="Funtional_role_request_rejected_External">
    <skipped/>
  </testcase> <!-- Funtional_role_request_rejected_External -->
  <system-out/>
  <testcase classname="DAMS.Testcases.Smoke_Suite.TC05_STD_GLOBAL_FRrejected" name="Funtional_role_request_rejected_Supplier">
    <skipped/>
  </testcase> <!-- Funtional_role_request_rejected_Supplier -->
  <system-out/>
</testsuite> <!-- DAMS.Testcases.Smoke_Suite.TC05_STD_GLOBAL_FRrejected -->
