<?xml version="1.0" encoding="UTF-8"?>
<!-- Generated by org.testng.reporters.JUnitReportReporter -->
<testsuite hostname="DTC-5CG2190CH4" failures="0" tests="1" name="DAMS.Testcases.Smoke_Suite_1.TC78_ViewPublisher_Onboarding" time="130.360" errors="0" timestamp="2025-08-20T18:12:58 IST" skipped="0">
  <testcase classname="DAMS.Testcases.Smoke_Suite_1.TC78_ViewPublisher_Onboarding" name="raise_ThirdParty_ViewPublisher_Onboarding_Request" time="130.360"/>
  <system-out/>
</testsuite> <!-- DAMS.Testcases.Smoke_Suite_1.TC78_ViewPublisher_Onboarding -->
