<?xml version="1.0" encoding="UTF-8"?>
<!-- Generated by org.testng.reporters.JUnitXMLReporter -->
<testsuite ignored="2" hostname="DESKTOP-05DVESU" failures="1" tests="1" name="Default test" time="1.51" errors="0" timestamp="2026-01-26T23:14:56 IST">
  <testcase classname="DAMS.Testcases.Smoke_Suite_1.TC09_Diagnostic_Authority_GLOBAL_Rejected" name="create_and_reject_Diagnostic_Authority__Request_test_case_External" time="0.242">
    <failure type="java.lang.NullPointerException" message="Cannot invoke &amp;quot;com.aventstack.extentreports.ExtentTest.log(com.aventstack.extentreports.Status, String)&amp;quot; because &amp;quot;DAMS.Resources.Listeners.test&amp;quot; is null">
      <![CDATA[java.lang.NullPointerException: Cannot invoke "com.aventstack.extentreports.ExtentTest.log(com.aventstack.extentreports.Status, String)" because "DAMS.Resources.Listeners.test" is null
at DAMS.Testcases.Smoke_Suite_1.TC09_Diagnostic_Authority_GLOBAL_Rejected.create_and_reject_Diagnostic_Authority__Request_test_case_External(TC09_Diagnostic_Authority_GLOBAL_Rejected.java:35)
at java.base/jdk.internal.reflect.NativeMethodAccessorImpl.invoke0(Native Method)
at java.base/jdk.internal.reflect.NativeMethodAccessorImpl.invoke(NativeMethodAccessorImpl.java:77)
at java.base/jdk.internal.reflect.DelegatingMethodAccessorImpl.invoke(DelegatingMethodAccessorImpl.java:43)
at java.base/java.lang.reflect.Method.invoke(Method.java:568)
at org.testng.internal.MethodInvocationHelper.invokeMethod(MethodInvocationHelper.java:134)
at org.testng.internal.TestInvoker.invokeMethod(TestInvoker.java:597)
at org.testng.internal.TestInvoker.invokeTestMethod(TestInvoker.java:173)
at org.testng.internal.MethodRunner.runInSequence(MethodRunner.java:46)
at org.testng.internal.TestInvoker$MethodInvocationAgent.invoke(TestInvoker.java:816)
at org.testng.internal.TestInvoker.invokeTestMethods(TestInvoker.java:146)
at org.testng.internal.TestMethodWorker.invokeTestMethods(TestMethodWorker.java:146)
at org.testng.internal.TestMethodWorker.run(TestMethodWorker.java:128)
at java.base/java.util.ArrayList.forEach(ArrayList.java:1511)
at org.testng.TestRunner.privateRun(TestRunner.java:766)
at org.testng.TestRunner.run(TestRunner.java:587)
at org.testng.SuiteRunner.runTest(SuiteRunner.java:384)
at org.testng.SuiteRunner.runSequentially(SuiteRunner.java:378)
at org.testng.SuiteRunner.privateRun(SuiteRunner.java:337)
at org.testng.SuiteRunner.run(SuiteRunner.java:286)
at org.testng.SuiteRunnerWorker.runSuite(SuiteRunnerWorker.java:53)
at org.testng.SuiteRunnerWorker.run(SuiteRunnerWorker.java:96)
at org.testng.TestNG.runSuitesSequentially(TestNG.java:1187)
at org.testng.TestNG.runSuitesLocally(TestNG.java:1109)
at org.testng.TestNG.runSuites(TestNG.java:1039)
at org.testng.TestNG.run(TestNG.java:1007)
at org.testng.remote.AbstractRemoteTestNG.run(AbstractRemoteTestNG.java:115)
at org.testng.remote.RemoteTestNG.initAndRun(RemoteTestNG.java:293)
at org.testng.remote.RemoteTestNG.main(RemoteTestNG.java:91)
]]>
    </failure>
  </testcase> <!-- create_and_reject_Diagnostic_Authority__Request_test_case_External -->
  <testcase classname="DAMS.Testcases.Smoke_Suite_1.TC09_Diagnostic_Authority_GLOBAL_Rejected" name="create_and_reject_Diagnostic_Authority__Request_test_case_Internal" time="0.0">
    <ignored/>
  </testcase> <!-- create_and_reject_Diagnostic_Authority__Request_test_case_Internal -->
  <testcase classname="DAMS.Testcases.Smoke_Suite_1.TC09_Diagnostic_Authority_GLOBAL_Rejected" name="create_and_reject_Diagnostic_Authority__Request_test_case_Supplier" time="0.0">
    <ignored/>
  </testcase> <!-- create_and_reject_Diagnostic_Authority__Request_test_case_Supplier -->
</testsuite> <!-- Default test -->
