<?xml version="1.0" encoding="UTF-8"?>
<!-- Generated by org.testng.reporters.JUnitXMLReporter -->
<testsuite ignored="0" hostname="DESKTOP-05DVESU" failures="0" tests="3" name="RunDynamicClass" time="4321.791" errors="0" timestamp="2026-02-20T01:31:25 IST">
  <testcase classname="DAMS.Testcases.Regression_Suite.Overall.TC014_External_OverAll_Run" name="Overall_Global_ATG_Regression_E2E_External" time="1515.143"/>
  <testcase classname="DAMS.Testcases.Regression_Suite.Overall.TC014_External_OverAll_Run" name="Overall_Global_ATG_Regression_E2E_External" time="1514.862"/>
  <testcase classname="DAMS.Testcases.Regression_Suite.Overall.TC014_External_OverAll_Run" name="Overall_Global_ATG_Regression_E2E_External" time="1288.505"/>
</testsuite> <!-- RunDynamicClass -->
