<?xml version="1.0" encoding="UTF-8"?>
<!-- Generated by org.testng.reporters.JUnitXMLReporter -->
<testsuite ignored="2" hostname="DESKTOP-05DVESU" failures="0" tests="1" name="RunDynamicClass" time="237.707" errors="0" timestamp="2026-02-23T10:19:45 IST">
  <testcase classname="DAMS.Testcases.Smoke_Suite_1.TC07_STD_ATG_FRapproved" name="Funtional_role_request_approved_Supplier" time="236.444"/>
  <testcase classname="DAMS.Testcases.Smoke_Suite_1.TC07_STD_ATG_FRapproved" name="Funtional_role_request_approved_External" time="0.0">
    <ignored/>
  </testcase> <!-- Funtional_role_request_approved_External -->
  <testcase classname="DAMS.Testcases.Smoke_Suite_1.TC07_STD_ATG_FRapproved" name="Funtional_role_request_approved_Internal" time="0.0">
    <ignored/>
  </testcase> <!-- Funtional_role_request_approved_Internal -->
</testsuite> <!-- RunDynamicClass -->
