<?xml version="1.0" encoding="UTF-8"?>
<!-- Generated by org.testng.reporters.JUnitXMLReporter -->
<testsuite ignored="4" hostname="DTC-5CG2190CH4" failures="2" tests="2" name="RunDynamicClass" time="474.301" errors="0" timestamp="2026-03-10T16:39:50 IST">
  <testcase classname="DAMS.Testcases.Smoke_Suite_1.TC001_Global_Smoke_TestSuite_E2E" name="global_Smoke_TestSuite_E2E_External" time="388.487">
    <failure type="org.openqa.selenium.NoSuchElementException" message="no such element: Unable to locate element: {&amp;quot;method&amp;quot;:&amp;quot;xpath&amp;quot;,&amp;quot;selector&amp;quot;:&amp;quot;//*[contains(text(),&amp;apos;Approval Level 2&amp;apos;)]&amp;quot;}
  (Session info: chrome=145.0.7632.160)
For documentation on this error, please visit: https://selenium.dev/exceptions/#no_such_element
Build info: version: &amp;apos;4.3.0&amp;apos;, revision: &amp;apos;a4995e2c09*&amp;apos;
System info: host: &amp;apos;DTC-5CG2190CH4&amp;apos;, ip: &amp;apos;10.168.99.33&amp;apos;, os.name: &amp;apos;Windows 11&amp;apos;, os.arch: &amp;apos;amd64&amp;apos;, os.version: &amp;apos;10.0&amp;apos;, java.version: &amp;apos;21.0.6&amp;apos;
Driver info: org.openqa.selenium.chrome.ChromeDriver
Command: [90654d8b826fd9ec9a25ce5a79fb7330, findElement {using=xpath, value=//*[contains(text(),&amp;apos;Approval Level 2&amp;apos;)]}]
Capabilities {acceptInsecureCerts: true, browserName: chrome, browserVersion: 145.0.7632.160, chrome: {chromedriverVersion: 145.0.7632.117 (de4e5d6e13b..., userDataDir: C:\Users\HARNAGA\AppData\Lo...}, fedcm:accounts: true, goog:chromeOptions: {debuggerAddress: localhost:52548}, goog:processID: 18752, networkConnectionEnabled: false, pageLoadStrategy: normal, platformName: WINDOWS, proxy: Proxy(), se:cdp: ws://localhost:52548/devtoo..., se:cdpVersion: 145.0.7632.160, setWindowRect: true, strictFileInteractability: false, timeouts: {implicit: 0, pageLoad: 300000, script: 30000}, unhandledPromptBehavior: dismiss and notify, webauthn:extension:credBlob: true, webauthn:extension:largeBlob: true, webauthn:extension:minPinLength: true, webauthn:extension:prf: true, webauthn:virtualAuthenticators: true}
Session ID: 90654d8b826fd9ec9a25ce5a79fb7330">
      <![CDATA[org.openqa.selenium.NoSuchElementException: no such element: Unable to locate element: {"method":"xpath","selector":"//*[contains(text(),'Approval Level 2')]"}
  (Session info: chrome=145.0.7632.160)
For documentation on this error, please visit: https://selenium.dev/exceptions/#no_such_element
Build info: version: '4.3.0', revision: 'a4995e2c09*'
System info: host: 'DTC-5CG2190CH4', ip: '10.168.99.33', os.name: 'Windows 11', os.arch: 'amd64', os.version: '10.0', java.version: '21.0.6'
Driver info: org.openqa.selenium.chrome.ChromeDriver
Command: [90654d8b826fd9ec9a25ce5a79fb7330, findElement {using=xpath, value=//*[contains(text(),'Approval Level 2')]}]
Capabilities {acceptInsecureCerts: true, browserName: chrome, browserVersion: 145.0.7632.160, chrome: {chromedriverVersion: 145.0.7632.117 (de4e5d6e13b..., userDataDir: C:\Users\HARNAGA\AppData\Lo...}, fedcm:accounts: true, goog:chromeOptions: {debuggerAddress: localhost:52548}, goog:processID: 18752, networkConnectionEnabled: false, pageLoadStrategy: normal, platformName: WINDOWS, proxy: Proxy(), se:cdp: ws://localhost:52548/devtoo..., se:cdpVersion: 145.0.7632.160, setWindowRect: true, strictFileInteractability: false, timeouts: {implicit: 0, pageLoad: 300000, script: 30000}, unhandledPromptBehavior: dismiss and notify, webauthn:extension:credBlob: true, webauthn:extension:largeBlob: true, webauthn:extension:minPinLength: true, webauthn:extension:prf: true, webauthn:virtualAuthenticators: true}
Session ID: 90654d8b826fd9ec9a25ce5a79fb7330
at org.openqa.selenium.remote.codec.w3c.W3CHttpResponseCodec.createException(W3CHttpResponseCodec.java:200)
at org.openqa.selenium.remote.codec.w3c.W3CHttpResponseCodec.decode(W3CHttpResponseCodec.java:133)
at org.openqa.selenium.remote.codec.w3c.W3CHttpResponseCodec.decode(W3CHttpResponseCodec.java:53)
at org.openqa.selenium.remote.HttpCommandExecutor.execute(HttpCommandExecutor.java:184)
at org.openqa.selenium.remote.service.DriverCommandExecutor.invokeExecute(DriverCommandExecutor.java:167)
at org.openqa.selenium.remote.service.DriverCommandExecutor.execute(DriverCommandExecutor.java:142)
at org.openqa.selenium.remote.RemoteWebDriver.execute(RemoteWebDriver.java:569)
at org.openqa.selenium.remote.ElementLocation$ElementFinder$2.findElement(ElementLocation.java:162)
at org.openqa.selenium.remote.ElementLocation.findElement(ElementLocation.java:60)
at org.openqa.selenium.remote.RemoteWebDriver.findElement(RemoteWebDriver.java:387)
at org.openqa.selenium.remote.RemoteWebDriver.findElement(RemoteWebDriver.java:379)
at org.openqa.selenium.support.pagefactory.DefaultElementLocator.findElement(DefaultElementLocator.java:70)
at org.openqa.selenium.support.pagefactory.internal.LocatingElementHandler.invoke(LocatingElementHandler.java:39)
at jdk.proxy2/jdk.proxy2.$Proxy20.isDisplayed(Unknown Source)
at DAMS.Resources.AbstractComponents.isDisplayed(AbstractComponents.java:107)
at DAMS.Resources.AbstractComponents.click(AbstractComponents.java:139)
at DAMS.PageObjects.Request_overview_page.request_Overview_page(Request_overview_page.java:1183)
at DAMS.PageObjects.Request_overview_page.navigate_to_request_Overview_page_and_verify_approval_status_DA(Request_overview_page.java:1139)
at DAMS.Testcases.Smoke_Suite_1.TC001_Global_Smoke_TestSuite_E2E.approve_DA_request(TC001_Global_Smoke_TestSuite_E2E.java:297)
at DAMS.Testcases.Smoke_Suite_1.TC001_Global_Smoke_TestSuite_E2E.global_Smoke_TestSuite_E2E_External(TC001_Global_Smoke_TestSuite_E2E.java:102)
at java.base/java.util.ArrayList.forEach(ArrayList.java:1596)
... Removed 28 stack frames]]>
    </failure>
  </testcase> <!-- global_Smoke_TestSuite_E2E_External -->
  <testcase classname="DAMS.Testcases.Smoke_Suite_1.TC002_ATG_Smoke_TestSuite_E2E" name="atg_Smoke_TestSuite_E2E_External" time="83.424">
    <failure type="org.openqa.selenium.NoSuchWindowException" message="no such window: target window already closed
from unknown error: web view not found
  (Session info: chrome=145.0.7632.160)
Build info: version: &amp;apos;4.3.0&amp;apos;, revision: &amp;apos;a4995e2c09*&amp;apos;
System info: host: &amp;apos;DTC-5CG2190CH4&amp;apos;, ip: &amp;apos;10.168.99.33&amp;apos;, os.name: &amp;apos;Windows 11&amp;apos;, os.arch: &amp;apos;amd64&amp;apos;, os.version: &amp;apos;10.0&amp;apos;, java.version: &amp;apos;21.0.6&amp;apos;
Driver info: org.openqa.selenium.chrome.ChromeDriver
Command: [e855365d5f1050da3d3f250878367574, findElement {using=xpath, value=//button[text()=&amp;quot;Login with Daimler Truck Account&amp;quot;]}]
Capabilities {acceptInsecureCerts: true, browserName: chrome, browserVersion: 145.0.7632.160, chrome: {chromedriverVersion: 145.0.7632.117 (de4e5d6e13b..., userDataDir: C:\Users\HARNAGA\AppData\Lo...}, fedcm:accounts: true, goog:chromeOptions: {debuggerAddress: localhost:59198}, goog:processID: 20988, networkConnectionEnabled: false, pageLoadStrategy: normal, platformName: WINDOWS, proxy: Proxy(), se:cdp: ws://localhost:59198/devtoo..., se:cdpVersion: 145.0.7632.160, setWindowRect: true, strictFileInteractability: false, timeouts: {implicit: 0, pageLoad: 300000, script: 30000}, unhandledPromptBehavior: dismiss and notify, webauthn:extension:credBlob: true, webauthn:extension:largeBlob: true, webauthn:extension:minPinLength: true, webauthn:extension:prf: true, webauthn:virtualAuthenticators: true}
Session ID: e855365d5f1050da3d3f250878367574">
      <![CDATA[org.openqa.selenium.NoSuchWindowException: no such window: target window already closed
from unknown error: web view not found
  (Session info: chrome=145.0.7632.160)
Build info: version: '4.3.0', revision: 'a4995e2c09*'
System info: host: 'DTC-5CG2190CH4', ip: '10.168.99.33', os.name: 'Windows 11', os.arch: 'amd64', os.version: '10.0', java.version: '21.0.6'
Driver info: org.openqa.selenium.chrome.ChromeDriver
Command: [e855365d5f1050da3d3f250878367574, findElement {using=xpath, value=//button[text()="Login with Daimler Truck Account"]}]
Capabilities {acceptInsecureCerts: true, browserName: chrome, browserVersion: 145.0.7632.160, chrome: {chromedriverVersion: 145.0.7632.117 (de4e5d6e13b..., userDataDir: C:\Users\HARNAGA\AppData\Lo...}, fedcm:accounts: true, goog:chromeOptions: {debuggerAddress: localhost:59198}, goog:processID: 20988, networkConnectionEnabled: false, pageLoadStrategy: normal, platformName: WINDOWS, proxy: Proxy(), se:cdp: ws://localhost:59198/devtoo..., se:cdpVersion: 145.0.7632.160, setWindowRect: true, strictFileInteractability: false, timeouts: {implicit: 0, pageLoad: 300000, script: 30000}, unhandledPromptBehavior: dismiss and notify, webauthn:extension:credBlob: true, webauthn:extension:largeBlob: true, webauthn:extension:minPinLength: true, webauthn:extension:prf: true, webauthn:virtualAuthenticators: true}
Session ID: e855365d5f1050da3d3f250878367574
at org.openqa.selenium.remote.codec.w3c.W3CHttpResponseCodec.createException(W3CHttpResponseCodec.java:200)
at org.openqa.selenium.remote.codec.w3c.W3CHttpResponseCodec.decode(W3CHttpResponseCodec.java:133)
at org.openqa.selenium.remote.codec.w3c.W3CHttpResponseCodec.decode(W3CHttpResponseCodec.java:53)
at org.openqa.selenium.remote.HttpCommandExecutor.execute(HttpCommandExecutor.java:184)
at org.openqa.selenium.remote.service.DriverCommandExecutor.invokeExecute(DriverCommandExecutor.java:167)
at org.openqa.selenium.remote.service.DriverCommandExecutor.execute(DriverCommandExecutor.java:142)
at org.openqa.selenium.remote.RemoteWebDriver.execute(RemoteWebDriver.java:569)
at org.openqa.selenium.remote.ElementLocation$ElementFinder$2.findElement(ElementLocation.java:162)
at org.openqa.selenium.remote.ElementLocation.findElement(ElementLocation.java:60)
at org.openqa.selenium.remote.RemoteWebDriver.findElement(RemoteWebDriver.java:387)
at org.openqa.selenium.remote.RemoteWebDriver.findElement(RemoteWebDriver.java:379)
at org.openqa.selenium.support.pagefactory.DefaultElementLocator.findElement(DefaultElementLocator.java:70)
at org.openqa.selenium.support.pagefactory.internal.LocatingElementHandler.invoke(LocatingElementHandler.java:39)
at jdk.proxy2/jdk.proxy2.$Proxy20.click(Unknown Source)
at DAMS.PageObjects.LoginPage.loginApplicationasRequester_MFA(LoginPage.java:59)
at DAMS.Resources.BaseClass.login(BaseClass.java:445)
at DAMS.Resources.BaseClass.login_MFA_Incognito_External(BaseClass.java:400)
at DAMS.Testcases.Smoke_Suite_1.TC01_Login_MFA.login_with_addressing_MFA_External(TC01_Login_MFA.java:42)
at DAMS.Testcases.Smoke_Suite_1.TC03_Requests_STD_ATG_FR.login_and_select_user_ATG(TC03_Requests_STD_ATG_FR.java:188)
at DAMS.Testcases.Smoke_Suite_1.TC07_STD_ATG_FRapproved.create_and_approve_External_FR_request(TC07_STD_ATG_FRapproved.java:88)
at DAMS.Testcases.Smoke_Suite_1.TC07_STD_ATG_FRapproved.Funtional_role_request_approved_External(TC07_STD_ATG_FRapproved.java:34)
at DAMS.Testcases.Smoke_Suite_1.TC002_ATG_Smoke_TestSuite_E2E.atg_Smoke_TestSuite_E2E_External(TC002_ATG_Smoke_TestSuite_E2E.java:82)
at java.base/java.util.ArrayList.forEach(ArrayList.java:1596)
... Removed 28 stack frames]]>
    </failure>
  </testcase> <!-- atg_Smoke_TestSuite_E2E_External -->
  <testcase classname="DAMS.Testcases.Smoke_Suite_1.TC002_ATG_Smoke_TestSuite_E2E" name="atg_Smoke_TestSuite_E2E_Supplier" time="0.0">
    <ignored/>
  </testcase> <!-- atg_Smoke_TestSuite_E2E_Supplier -->
  <testcase classname="DAMS.Testcases.Smoke_Suite_1.TC001_Global_Smoke_TestSuite_E2E" name="global_Smoke_TestSuite_E2E_Supplier" time="0.0">
    <ignored/>
  </testcase> <!-- global_Smoke_TestSuite_E2E_Supplier -->
  <testcase classname="DAMS.Testcases.Smoke_Suite_1.TC002_ATG_Smoke_TestSuite_E2E" name="atg_Smoke_TestSuite_E2E_Internal" time="0.0">
    <ignored/>
  </testcase> <!-- atg_Smoke_TestSuite_E2E_Internal -->
  <testcase classname="DAMS.Testcases.Smoke_Suite_1.TC001_Global_Smoke_TestSuite_E2E" name="global_Smoke_TestSuite_E2E_Internal" time="0.0">
    <ignored/>
  </testcase> <!-- global_Smoke_TestSuite_E2E_Internal -->
</testsuite> <!-- RunDynamicClass -->
