<?xml version="1.0" encoding="UTF-8"?>
<!-- Generated by org.testng.reporters.JUnitXMLReporter -->
<testsuite ignored="0" hostname="DESKTOP-05DVESU" failures="0" tests="3" name="RunDynamicClass" time="2647.749" errors="0" timestamp="2026-02-23T23:57:34 IST">
  <testcase classname="DAMS.Testcases.Regression_Suite.Overall.TC001_OverAll_Internal_External_Supplier_Global_ATG" name="Overall_Global_ATG_Regression_E2E_Internal" time="266.236"/>
  <testcase classname="DAMS.Testcases.Regression_Suite.Overall.TC001_OverAll_Internal_External_Supplier_Global_ATG" name="Overall_Global_ATG_Regression_E2E_External" time="1045.456"/>
  <testcase classname="DAMS.Testcases.Regression_Suite.Overall.TC001_OverAll_Internal_External_Supplier_Global_ATG" name="Overall_Global_ATG_Regression_E2E_Supplier" time="1332.643"/>
</testsuite> <!-- RunDynamicClass -->
