<?xml version="1.0" encoding="UTF-8"?>
<!-- Generated by org.testng.reporters.JUnitXMLReporter -->
<testsuite ignored="0" hostname="DESKTOP-05DVESU" failures="1" tests="1" name="RunDynamicClass" time="0.312" errors="0" timestamp="2025-12-09T18:21:47 IST">
  <testcase classname="DAMS.Testcases.Regression_Suite.Supplier.TC009_FUSO_Supplier_All_FR_Global" name="Fuso_All_Global_Regression_E2E_Supplier" time="0.033">
    <failure type="java.lang.IllegalArgumentException" message="Illegal base64 character 40">
      <![CDATA[java.lang.IllegalArgumentException: Illegal base64 character 40
at java.base/java.util.Base64$Decoder.decode0(Base64.java:848)
at java.base/java.util.Base64$Decoder.decode(Base64.java:566)
at java.base/java.util.Base64$Decoder.decode(Base64.java:589)
at DAMS.Resources.BaseClass.login_MFA_Incognito(BaseClass.java:271)
at DAMS.Testcases.Smoke_Suite_1.TC01_Login_MFA.login_with_addressing_MFA(TC01_Login_MFA.java:15)
at DAMS.Testcases.Smoke_Suite_1.TC02_Requests_STD_GLOBAL.login_and_select_user_Global(TC02_Requests_STD_GLOBAL.java:203)
at DAMS.Testcases.Smoke_Suite_1.TC06_STD_GLOBAL_FRapproved.create_and_approve_Supplier_FR_request(TC06_STD_GLOBAL_FRapproved.java:104)
at DAMS.Testcases.Smoke_Suite_1.TC06_STD_GLOBAL_FRapproved.Functional_role_request_approved_Supplier(TC06_STD_GLOBAL_FRapproved.java:48)
at DAMS.Testcases.Regression_Suite.Supplier.TC009_FUSO_Supplier_All_FR_Global.Fuso_All_Global_Regression_E2E_Supplier(TC009_FUSO_Supplier_All_FR_Global.java:36)
at java.base/java.util.ArrayList.forEach(ArrayList.java:1511)
... Removed 27 stack frames]]>
    </failure>
  </testcase> <!-- Fuso_All_Global_Regression_E2E_Supplier -->
</testsuite> <!-- RunDynamicClass -->
