<?xml version="1.0" encoding="UTF-8"?>
<!-- Generated by org.testng.reporters.JUnitXMLReporter -->
<testsuite ignored="2" hostname="DESKTOP-05DVESU" failures="1" tests="1" name="Parallel Smoke Tests" time="426.174" errors="0" timestamp="2025-12-26T00:42:42 IST">
  <testcase classname="DAMS.Testcases.Smoke_Suite_1.TC001_Global_Smoke_TestSuite_E2E" name="global_Smoke_TestSuite_E2E_Supplier" time="424.754">
    <failure type="org.openqa.selenium.NoSuchElementException" message="no such element: Unable to locate element: {&amp;quot;method&amp;quot;:&amp;quot;xpath&amp;quot;,&amp;quot;selector&amp;quot;:&amp;quot;//button[contains(text(),&amp;apos;Approval Level 2&amp;apos;)]&amp;quot;}
  (Session info: chrome=143.0.7499.110)
For documentation on this error, please visit: https://selenium.dev/exceptions/#no_such_element
Build info: version: &amp;apos;4.3.0&amp;apos;, revision: &amp;apos;a4995e2c09*&amp;apos;
System info: host: &amp;apos;DESKTOP-05DVESU&amp;apos;, ip: &amp;apos;172.17.14.190&amp;apos;, os.name: &amp;apos;Windows 11&amp;apos;, os.arch: &amp;apos;amd64&amp;apos;, os.version: &amp;apos;10.0&amp;apos;, java.version: &amp;apos;17.0.8.1&amp;apos;
Driver info: org.openqa.selenium.chrome.ChromeDriver
Command: [6d2b225cfe27008659b473d2db86cb6b, findElement {using=xpath, value=//button[contains(text(),&amp;apos;Approval Level 2&amp;apos;)]}]
Capabilities {acceptInsecureCerts: true, browserName: chrome, browserVersion: 143.0.7499.110, chrome: {chromedriverVersion: 143.0.7499.169 (164b20aab62..., userDataDir: C:\Users\Admin\AppData\Loca...}, fedcm:accounts: true, goog:chromeOptions: {debuggerAddress: localhost:64210}, goog:processID: 2552, networkConnectionEnabled: false, pageLoadStrategy: normal, platformName: WINDOWS, proxy: Proxy(), se:cdp: ws://localhost:64210/devtoo..., se:cdpVersion: 143.0.7499.110, setWindowRect: true, strictFileInteractability: false, timeouts: {implicit: 0, pageLoad: 300000, script: 30000}, unhandledPromptBehavior: dismiss and notify, webauthn:extension:credBlob: true, webauthn:extension:largeBlob: true, webauthn:extension:minPinLength: true, webauthn:extension:prf: true, webauthn:virtualAuthenticators: true}
Session ID: 6d2b225cfe27008659b473d2db86cb6b">
      <![CDATA[org.openqa.selenium.NoSuchElementException: no such element: Unable to locate element: {"method":"xpath","selector":"//button[contains(text(),'Approval Level 2')]"}
  (Session info: chrome=143.0.7499.110)
For documentation on this error, please visit: https://selenium.dev/exceptions/#no_such_element
Build info: version: '4.3.0', revision: 'a4995e2c09*'
System info: host: 'DESKTOP-05DVESU', ip: '172.17.14.190', os.name: 'Windows 11', os.arch: 'amd64', os.version: '10.0', java.version: '17.0.8.1'
Driver info: org.openqa.selenium.chrome.ChromeDriver
Command: [6d2b225cfe27008659b473d2db86cb6b, findElement {using=xpath, value=//button[contains(text(),'Approval Level 2')]}]
Capabilities {acceptInsecureCerts: true, browserName: chrome, browserVersion: 143.0.7499.110, chrome: {chromedriverVersion: 143.0.7499.169 (164b20aab62..., userDataDir: C:\Users\Admin\AppData\Loca...}, fedcm:accounts: true, goog:chromeOptions: {debuggerAddress: localhost:64210}, goog:processID: 2552, networkConnectionEnabled: false, pageLoadStrategy: normal, platformName: WINDOWS, proxy: Proxy(), se:cdp: ws://localhost:64210/devtoo..., se:cdpVersion: 143.0.7499.110, setWindowRect: true, strictFileInteractability: false, timeouts: {implicit: 0, pageLoad: 300000, script: 30000}, unhandledPromptBehavior: dismiss and notify, webauthn:extension:credBlob: true, webauthn:extension:largeBlob: true, webauthn:extension:minPinLength: true, webauthn:extension:prf: true, webauthn:virtualAuthenticators: true}
Session ID: 6d2b225cfe27008659b473d2db86cb6b
at org.openqa.selenium.remote.codec.w3c.W3CHttpResponseCodec.createException(W3CHttpResponseCodec.java:200)
at org.openqa.selenium.remote.codec.w3c.W3CHttpResponseCodec.decode(W3CHttpResponseCodec.java:133)
at org.openqa.selenium.remote.codec.w3c.W3CHttpResponseCodec.decode(W3CHttpResponseCodec.java:53)
at org.openqa.selenium.remote.HttpCommandExecutor.execute(HttpCommandExecutor.java:184)
at org.openqa.selenium.remote.service.DriverCommandExecutor.invokeExecute(DriverCommandExecutor.java:167)
at org.openqa.selenium.remote.service.DriverCommandExecutor.execute(DriverCommandExecutor.java:142)
at org.openqa.selenium.remote.RemoteWebDriver.execute(RemoteWebDriver.java:569)
at org.openqa.selenium.remote.ElementLocation$ElementFinder$2.findElement(ElementLocation.java:162)
at org.openqa.selenium.remote.ElementLocation.findElement(ElementLocation.java:60)
at org.openqa.selenium.remote.RemoteWebDriver.findElement(RemoteWebDriver.java:387)
at org.openqa.selenium.remote.RemoteWebDriver.findElement(RemoteWebDriver.java:379)
at org.openqa.selenium.support.pagefactory.DefaultElementLocator.findElement(DefaultElementLocator.java:70)
at org.openqa.selenium.support.pagefactory.internal.LocatingElementHandler.invoke(LocatingElementHandler.java:39)
at jdk.proxy2/jdk.proxy2.$Proxy21.isDisplayed(Unknown Source)
at DAMS.Resources.AbstractComponents.isDisplayed(AbstractComponents.java:107)
at DAMS.Resources.AbstractComponents.click(AbstractComponents.java:139)
at DAMS.PageObjects.Request_overview_page.request_Overview_page(Request_overview_page.java:1180)
at DAMS.PageObjects.Request_overview_page.navigate_to_request_Overview_page_and_verify_approval_status_DA(Request_overview_page.java:1136)
at DAMS.Testcases.Smoke_Suite_1.TC001_Global_Smoke_TestSuite_E2E.approve_DA_request(TC001_Global_Smoke_TestSuite_E2E.java:283)
at DAMS.Testcases.Smoke_Suite_1.TC001_Global_Smoke_TestSuite_E2E.global_Smoke_TestSuite_E2E_Supplier(TC001_Global_Smoke_TestSuite_E2E.java:151)
at java.base/java.util.concurrent.ThreadPoolExecutor.runWorker(ThreadPoolExecutor.java:1136)
at java.base/java.util.concurrent.ThreadPoolExecutor$Worker.run(ThreadPoolExecutor.java:635)
at java.base/java.lang.Thread.run(Thread.java:833)
... Removed 17 stack frames]]>
    </failure>
  </testcase> <!-- global_Smoke_TestSuite_E2E_Supplier -->
  <testcase classname="DAMS.Testcases.Smoke_Suite_1.TC001_Global_Smoke_TestSuite_E2E" name="global_Smoke_TestSuite_E2E_External" time="0.0">
    <ignored/>
  </testcase> <!-- global_Smoke_TestSuite_E2E_External -->
  <testcase classname="DAMS.Testcases.Smoke_Suite_1.TC001_Global_Smoke_TestSuite_E2E" name="global_Smoke_TestSuite_E2E_Internal" time="0.0">
    <ignored/>
  </testcase> <!-- global_Smoke_TestSuite_E2E_Internal -->
</testsuite> <!-- Parallel Smoke Tests -->
