<?xml version="1.0" encoding="UTF-8"?>
<!-- Generated by org.testng.reporters.JUnitXMLReporter -->
<testsuite ignored="2" hostname="Hariharan" failures="0" tests="1" name="STG" time="585.437" errors="0" timestamp="2025-07-06T21:34:57 IST">
  <testcase classname="DAMS.Testcases.Smoke_Suite_1.TC13_EnhanceRightAuthority_GLOBAL_Approved" name="approve_Enhance_right_Authority_Request_Internal_test_case" time="585.082"/>
  <testcase classname="DAMS.Testcases.Smoke_Suite_1.TC13_EnhanceRightAuthority_GLOBAL_Approved" name="approve_Enhance_right_Authority_Request_External_test_case" time="0.0">
    <ignored/>
  </testcase> <!-- approve_Enhance_right_Authority_Request_External_test_case -->
  <testcase classname="DAMS.Testcases.Smoke_Suite_1.TC13_EnhanceRightAuthority_GLOBAL_Approved" name="approve_Enhance_right_Authority_Request_Supplier_test_case" time="0.0">
    <ignored/>
  </testcase> <!-- approve_Enhance_right_Authority_Request_Supplier_test_case -->
</testsuite> <!-- STG -->
