<?xml version="1.0" encoding="UTF-8"?>
<testng-results ignored="2" total="3" passed="1" failed="0" skipped="0">
  <reporter-output>
  </reporter-output>
  <suite started-at="2026-04-08T19:45:10 IST" name="Suite" finished-at="2026-04-08T19:57:26 IST" duration-ms="736386">
    <groups>
    </groups>
    <test started-at="2026-04-08T19:45:10 IST" name="RunDynamicClass" finished-at="2026-04-08T19:57:26 IST" duration-ms="736386">
      <class name="DAMS.Testcases.Regression_Suite.Overall.TC001_OverAll_Internal_External_Supplier_Global_ATG">
        <test-method is-config="true" signature="configure(java.lang.String, java.lang.reflect.Method)[pri:0, instance:DAMS.Testcases.Regression_Suite.Overall.TC001_OverAll_Internal_External_Supplier_Global_ATG@42039326]" started-at="2026-04-08T19:45:10 IST" name="configure" finished-at="2026-04-08T19:45:11 IST" duration-ms="1018" status="PASS">
          <params>
            <param index="0">
              <value>
                <![CDATA[dev]]>
              </value>
            </param>
            <param index="1">
              <value>
                <![CDATA[public static void DAMS.Testcases.Regression_Suite.Overall.TC001_OverAll_Internal_External_Supplier_Global_ATG.Overall_Global_ATG_Regression_E2E_Internal(java.util.HashMap) throws java.lang.Throwable]]>
              </value>
            </param>
          </params>
          <reporter-output>
          </reporter-output>
        </test-method> <!-- configure -->
        <test-method signature="Overall_Global_ATG_Regression_E2E_Internal(java.util.HashMap)[pri:0, instance:DAMS.Testcases.Regression_Suite.Overall.TC001_OverAll_Internal_External_Supplier_Global_ATG@42039326]" started-at="2026-04-08T19:45:11 IST" name="Overall_Global_ATG_Regression_E2E_Internal" data-provider="getData_Internal" finished-at="2026-04-08T19:57:26 IST" duration-ms="735138" status="PASS">
          <params>
            <param index="0">
              <value>
                <![CDATA[{NO=0, Service_ID=BF0123, Functional_role_internal=Development, SpecialCase=Replacement Package, Target_COT=Root T2, User_Type=Internal, ECU_Restriction_DA=AAGW01T, ECU_Qualifier_for_RP=BRC02T, ECU_Qualifier_for_Root_link=ALT48V01T, BU=DTE, Role_Desc=Person/Pool-ID in the development department at Daimler Truck. Info: it does not automatically mean that this person works in the development team for the related ECU project, but this could be possible. On applying for the functional role, the user should automatically receive After-Sales ENHANCED for all the Cebid ECU's, After-Sales STANDARD Certificates as Standard Permissions., User_role_DA=Development ENHANCED, Reason_for_RP=Certificate Request for Replacement Package, Reason_for_DA=DA Request Global, BackendTarget_COT=Backend T2B, NestT_TestingCase=Nest-T Test COT/Nest-T Central Authentication/Nest-T Series COT, ECU_Restriction_EA=AAGW01T, BackendOrigin_COT=Backend T2A, ECU_Qualifier_nestT=AAGW01T//CGW05T, SpecialCase_nestT=Nest-T Testing, Mode=Global, ECU_Qualifier_for_Backend_link=BMS103T,BMS203T,BMS303T,BMS403T,BMS503T,BMS603T,BMS703T,BMS803T, BackendRoot_COT=Root T2, Reason_for_nestT=Certificate Request for NEST-T, Reason_for_ER=EA Request Global, Validity=10, Functional_role_Certificate=Development, Reason_for_internal_FR=Functional role request for Development, User_role_EA=Development ENHANCED, Orgin_COT=Root T1}]]>
              </value>
            </param>
          </params>
          <reporter-output>
          </reporter-output>
        </test-method> <!-- Overall_Global_ATG_Regression_E2E_Internal -->
      </class> <!-- DAMS.Testcases.Regression_Suite.Overall.TC001_OverAll_Internal_External_Supplier_Global_ATG -->
    </test> <!-- RunDynamicClass -->
  </suite> <!-- Suite -->
</testng-results>
