<?xml version="1.0" encoding="UTF-8"?>
<!-- Generated by org.testng.reporters.JUnitReportReporter -->
<testsuite hostname="DTC-5CG2190CH4" failures="0" tests="3" name="DAMS.Testcases.Smoke_Suite.TC_003_Funtional_role_request_approved_status" time="50.250" errors="1" timestamp="2025-06-26T14:58:21 IST" skipped="2">
  <testcase classname="DAMS.Testcases.Smoke_Suite.TC_003_Funtional_role_request_approved_status" name="Funtional_role_request_approved_Internal" time="50.250">
    <error message="Cannot invoke &quot;String.trim()&quot; because &quot;names&quot; is null" type="java.lang.NullPointerException">
      <![CDATA[java.lang.NullPointerException: Cannot invoke "String.trim()" because "names" is null
at DAMS.PageObjects.New_Functional_Role_Request_Page.clickelementmatchingtext(New_Functional_Role_Request_Page.java:288)
at DAMS.PageObjects.New_Functional_Role_Request_Page.select_user_type(New_Functional_Role_Request_Page.java:279)
at DAMS.PageObjects.New_Functional_Role_Request_Page.raise_Internal_functional_role_request(New_Functional_Role_Request_Page.java:550)
at DAMS.Testcases.Smoke_Suite.TC_002_Funtional_role_request_pending_status.raise_Internal_functional_role(TC_002_Funtional_role_request_pending_status.java:184)
at DAMS.Testcases.Smoke_Suite.TC_003_Funtional_role_request_approved_status.create_and_approve_Internal_FR_request(TC_003_Funtional_role_request_approved_status.java:95)
at DAMS.Testcases.Smoke_Suite.TC_003_Funtional_role_request_approved_status.Funtional_role_request_approved_Internal(TC_003_Funtional_role_request_approved_status.java:24)
at java.base/jdk.internal.reflect.DirectMethodHandleAccessor.invoke(DirectMethodHandleAccessor.java:103)
at java.base/java.lang.reflect.Method.invoke(Method.java:580)
at org.testng.internal.MethodInvocationHelper.invokeMethod(MethodInvocationHelper.java:134)
at org.testng.internal.TestInvoker.invokeMethod(TestInvoker.java:597)
at org.testng.internal.TestInvoker.invokeTestMethod(TestInvoker.java:173)
at org.testng.internal.MethodRunner.runInSequence(MethodRunner.java:46)
at org.testng.internal.TestInvoker$MethodInvocationAgent.invoke(TestInvoker.java:816)
at org.testng.internal.TestInvoker.invokeTestMethods(TestInvoker.java:146)
at org.testng.internal.TestMethodWorker.invokeTestMethods(TestMethodWorker.java:146)
at org.testng.internal.TestMethodWorker.run(TestMethodWorker.java:128)
at java.base/java.util.ArrayList.forEach(ArrayList.java:1596)
at org.testng.TestRunner.privateRun(TestRunner.java:766)
at org.testng.TestRunner.run(TestRunner.java:587)
at org.testng.SuiteRunner.runTest(SuiteRunner.java:384)
at org.testng.SuiteRunner.runSequentially(SuiteRunner.java:378)
at org.testng.SuiteRunner.privateRun(SuiteRunner.java:337)
at org.testng.SuiteRunner.run(SuiteRunner.java:286)
at org.testng.SuiteRunnerWorker.runSuite(SuiteRunnerWorker.java:53)
at org.testng.SuiteRunnerWorker.run(SuiteRunnerWorker.java:96)
at org.testng.TestNG.runSuitesSequentially(TestNG.java:1187)
at org.testng.TestNG.runSuitesLocally(TestNG.java:1109)
at org.testng.TestNG.runSuites(TestNG.java:1039)
at org.testng.TestNG.run(TestNG.java:1007)
at org.testng.remote.AbstractRemoteTestNG.run(AbstractRemoteTestNG.java:115)
at org.testng.remote.RemoteTestNG.initAndRun(RemoteTestNG.java:293)
at org.testng.remote.RemoteTestNG.main(RemoteTestNG.java:91)
]]>
    </error>
  </testcase> <!-- Funtional_role_request_approved_Internal -->
  <system-out/>
  <testcase classname="DAMS.Testcases.Smoke_Suite.TC_003_Funtional_role_request_approved_status" name="Funtional_role_request_approved_Supplier">
    <skipped/>
  </testcase> <!-- Funtional_role_request_approved_Supplier -->
  <system-out/>
  <testcase classname="DAMS.Testcases.Smoke_Suite.TC_003_Funtional_role_request_approved_status" name="Funtional_role_request_approved_External">
    <skipped/>
  </testcase> <!-- Funtional_role_request_approved_External -->
  <system-out/>
</testsuite> <!-- DAMS.Testcases.Smoke_Suite.TC_003_Funtional_role_request_approved_status -->
