<?xml version="1.0" encoding="UTF-8"?>
<!-- Generated by org.testng.reporters.JUnitReportReporter -->
<testsuite hostname="DTC-5CG2190CH4" failures="0" tests="1" name="DAMS.Testcases.Smoke_Suite_1.TC004_SpecialAccess_TestSuite_E2E" time="580.238" errors="0" timestamp="2025-11-03T14:08:02 IST" skipped="0">
  <testcase classname="DAMS.Testcases.Smoke_Suite_1.TC004_SpecialAccess_TestSuite_E2E" name="Special_Access_E2E" time="580.238"/>
  <system-out/>
</testsuite> <!-- DAMS.Testcases.Smoke_Suite_1.TC004_SpecialAccess_TestSuite_E2E -->
