<?xml version="1.0" encoding="UTF-8"?>
<!-- Generated by org.testng.reporters.JUnitReportReporter -->
<testsuite hostname="DESKTOP-H9DVS6C" failures="0" tests="3" name="DAMS.Testcases.Smoke_Suite.TC_014_Enhanced_right_pending_status" time="453.116" errors="0" timestamp="2025-05-30T12:29:47 IST" skipped="2">
  <testcase classname="DAMS.Testcases.Smoke_Suite.TC_014_Enhanced_right_pending_status" name="create_Enhance_right_Authority_Request_Internal_test_case" time="453.116"/>
  <system-out/>
  <testcase classname="DAMS.Testcases.Smoke_Suite.TC_014_Enhanced_right_pending_status" name="create_Enhance_right_Authority_Request_Supplier_test_case">
    <skipped/>
  </testcase> <!-- create_Enhance_right_Authority_Request_Supplier_test_case -->
  <system-out/>
  <testcase classname="DAMS.Testcases.Smoke_Suite.TC_014_Enhanced_right_pending_status" name="create_Enhance_right_Authority_Request_External_test_case">
    <skipped/>
  </testcase> <!-- create_Enhance_right_Authority_Request_External_test_case -->
  <system-out/>
</testsuite> <!-- DAMS.Testcases.Smoke_Suite.TC_014_Enhanced_right_pending_status -->
