<?xml version="1.0" encoding="UTF-8"?>
<!-- Generated by org.testng.reporters.JUnitReportReporter -->
<testsuite hostname="DESKTOP-05DVESU" failures="0" tests="2" name="DAMS.Testcases.Regression_Suite.Internal.TC014_Internal_OverAll_Run" time="565.198" errors="1" timestamp="2025-11-19T21:17:08 IST" skipped="0">
  <testcase classname="DAMS.Testcases.Regression_Suite.Internal.TC014_Internal_OverAll_Run" name="development_Global_Regression_E2E_Internal" time="79.402"/>
  <system-out/>
  <testcase classname="DAMS.Testcases.Regression_Suite.Internal.TC014_Internal_OverAll_Run" name="development_Global_Regression_E2E_Internal" time="485.796">
    <error message="class DAMS.PageObjects.NewPermission_Request_Page (in unnamed module @0x3abbfa04) cannot access class com.sun.tools.sjavac.Log (in module jdk.compiler) because module jdk.compiler does not export com.sun.tools.sjavac to unnamed module @0x3abbfa04" type="java.lang.IllegalAccessError">
      <![CDATA[java.lang.IllegalAccessError: class DAMS.PageObjects.NewPermission_Request_Page (in unnamed module @0x3abbfa04) cannot access class com.sun.tools.sjavac.Log (in module jdk.compiler) because module jdk.compiler does not export com.sun.tools.sjavac to unnamed module @0x3abbfa04
at DAMS.PageObjects.NewPermission_Request_Page.select_BackEndCOTSelection(NewPermission_Request_Page.java:583)
at DAMS.PageObjects.NewPermission_Request_Page.raise_replacement_package_Request(NewPermission_Request_Page.java:1232)
at DAMS.Testcases.Regression_Suite.Internal.TC014_Internal_OverAll_Run.create_replacement_package_request_backend(TC014_Internal_OverAll_Run.java:216)
at DAMS.Testcases.Regression_Suite.Internal.TC014_Internal_OverAll_Run.development_Global_Regression_E2E_Internal(TC014_Internal_OverAll_Run.java:121)
at java.base/jdk.internal.reflect.NativeMethodAccessorImpl.invoke0(Native Method)
at java.base/jdk.internal.reflect.NativeMethodAccessorImpl.invoke(NativeMethodAccessorImpl.java:77)
at java.base/jdk.internal.reflect.DelegatingMethodAccessorImpl.invoke(DelegatingMethodAccessorImpl.java:43)
at java.base/java.lang.reflect.Method.invoke(Method.java:568)
at org.testng.internal.MethodInvocationHelper.invokeMethod(MethodInvocationHelper.java:134)
at org.testng.internal.TestInvoker.invokeMethod(TestInvoker.java:597)
at org.testng.internal.TestInvoker.invokeTestMethod(TestInvoker.java:173)
at org.testng.internal.MethodRunner.runInSequence(MethodRunner.java:46)
at org.testng.internal.TestInvoker$MethodInvocationAgent.invoke(TestInvoker.java:816)
at org.testng.internal.TestInvoker.invokeTestMethods(TestInvoker.java:146)
at org.testng.internal.TestMethodWorker.invokeTestMethods(TestMethodWorker.java:146)
at org.testng.internal.TestMethodWorker.run(TestMethodWorker.java:128)
at java.base/java.util.ArrayList.forEach(ArrayList.java:1511)
at org.testng.TestRunner.privateRun(TestRunner.java:766)
at org.testng.TestRunner.run(TestRunner.java:587)
at org.testng.SuiteRunner.runTest(SuiteRunner.java:384)
at org.testng.SuiteRunner.runSequentially(SuiteRunner.java:378)
at org.testng.SuiteRunner.privateRun(SuiteRunner.java:337)
at org.testng.SuiteRunner.run(SuiteRunner.java:286)
at org.testng.SuiteRunnerWorker.runSuite(SuiteRunnerWorker.java:53)
at org.testng.SuiteRunnerWorker.run(SuiteRunnerWorker.java:96)
at org.testng.TestNG.runSuitesSequentially(TestNG.java:1187)
at org.testng.TestNG.runSuitesLocally(TestNG.java:1109)
at org.testng.TestNG.runSuites(TestNG.java:1039)
at org.testng.TestNG.run(TestNG.java:1007)
at org.testng.remote.AbstractRemoteTestNG.run(AbstractRemoteTestNG.java:115)
at org.testng.remote.RemoteTestNG.initAndRun(RemoteTestNG.java:293)
at org.testng.remote.RemoteTestNG.main(RemoteTestNG.java:91)
]]>
    </error>
  </testcase> <!-- development_Global_Regression_E2E_Internal -->
  <system-out/>
</testsuite> <!-- DAMS.Testcases.Regression_Suite.Internal.TC014_Internal_OverAll_Run -->
