<?xml version="1.0" encoding="UTF-8"?>
<!-- Generated by org.testng.reporters.JUnitReportReporter -->
<testsuite hostname="DESKTOP-H9DVS6C" failures="0" tests="2" name="DAMS.Testcases.Smoke_Suite_1.TC16_NestT_CentralAuth_GLOBAL_Approved" time="355.583" errors="0" timestamp="2025-08-04T01:16:24 IST" skipped="1">
  <testcase classname="DAMS.Testcases.Smoke_Suite_1.TC16_NestT_CentralAuth_GLOBAL_Approved" name="create_and_Approve_NestT__Request_Supplier_test_case" time="355.583"/>
  <system-out/>
  <testcase classname="DAMS.Testcases.Smoke_Suite_1.TC16_NestT_CentralAuth_GLOBAL_Approved" name="create_and_Approve_NestT__Request_Internal_test_case">
    <skipped/>
  </testcase> <!-- create_and_Approve_NestT__Request_Internal_test_case -->
  <system-out/>
</testsuite> <!-- DAMS.Testcases.Smoke_Suite_1.TC16_NestT_CentralAuth_GLOBAL_Approved -->
