<?xml version="1.0" encoding="UTF-8"?>
<!-- Generated by org.testng.reporters.JUnitReportReporter -->
<testsuite hostname="DESKTOP-05DVESU" failures="0" tests="12" name="DAMS.Testcases.Regression_Suite.Overall.TC001_OverAll_Internal_External_Supplier_Global_ATG" time="86.304" errors="0" timestamp="2026-03-04T01:33:41 IST" skipped="0">
  <testcase classname="DAMS.Testcases.Regression_Suite.Overall.TC001_OverAll_Internal_External_Supplier_Global_ATG" name="Overall_Global_ATG_Regression_E2E_Internal" time="1.266"/>
  <testcase classname="DAMS.Testcases.Regression_Suite.Overall.TC001_OverAll_Internal_External_Supplier_Global_ATG" name="Overall_Global_ATG_Regression_E2E_Internal" time="1.254"/>
  <testcase classname="DAMS.Testcases.Regression_Suite.Overall.TC001_OverAll_Internal_External_Supplier_Global_ATG" name="Overall_Global_ATG_Regression_E2E_Internal" time="1.189"/>
  <testcase classname="DAMS.Testcases.Regression_Suite.Overall.TC001_OverAll_Internal_External_Supplier_Global_ATG" name="Overall_Global_ATG_Regression_E2E_Internal" time="1.248"/>
  <testcase classname="DAMS.Testcases.Regression_Suite.Overall.TC001_OverAll_Internal_External_Supplier_Global_ATG" name="Overall_Global_ATG_Regression_E2E_Internal" time="1.251"/>
  <testcase classname="DAMS.Testcases.Regression_Suite.Overall.TC001_OverAll_Internal_External_Supplier_Global_ATG" name="Overall_Global_ATG_Regression_E2E_Internal" time="1.202"/>
  <testcase classname="DAMS.Testcases.Regression_Suite.Overall.TC001_OverAll_Internal_External_Supplier_Global_ATG" name="Overall_Global_ATG_Regression_E2E_Internal" time="1.593"/>
  <testcase classname="DAMS.Testcases.Regression_Suite.Overall.TC001_OverAll_Internal_External_Supplier_Global_ATG" name="Overall_Global_ATG_Regression_E2E_Internal" time="42.375"/>
  <testcase classname="DAMS.Testcases.Regression_Suite.Overall.TC001_OverAll_Internal_External_Supplier_Global_ATG" name="Overall_Global_ATG_Regression_E2E_Internal" time="1.578"/>
  <testcase classname="DAMS.Testcases.Regression_Suite.Overall.TC001_OverAll_Internal_External_Supplier_Global_ATG" name="Overall_Global_ATG_Regression_E2E_Internal" time="1.227"/>
  <testcase classname="DAMS.Testcases.Regression_Suite.Overall.TC001_OverAll_Internal_External_Supplier_Global_ATG" name="Overall_Global_ATG_Regression_E2E_Internal" time="1.292"/>
  <testcase classname="DAMS.Testcases.Regression_Suite.Overall.TC001_OverAll_Internal_External_Supplier_Global_ATG" name="Overall_Global_ATG_Regression_E2E_External" time="30.829"/>
</testsuite> <!-- DAMS.Testcases.Regression_Suite.Overall.TC001_OverAll_Internal_External_Supplier_Global_ATG -->
