<?xml version="1.0" encoding="UTF-8"?>
<!-- Generated by org.testng.reporters.JUnitReportReporter -->
<testsuite hostname="DTC-5CG2190CH4" failures="0" tests="1" name="DAMS.Testcases.Regression_Suite.TC01_Regression_Login_MFA" time="25.739" errors="0" timestamp="2025-09-01T14:59:37 IST" skipped="0">
  <testcase classname="DAMS.Testcases.Regression_Suite.TC01_Regression_Login_MFA" name="login_with_addressing_MFA" time="25.739"/>
  <system-out/>
</testsuite> <!-- DAMS.Testcases.Regression_Suite.TC01_Regression_Login_MFA -->
