<?xml version="1.0" encoding="UTF-8"?>
<!-- Generated by org.testng.reporters.JUnitReportReporter -->
<testsuite hostname="DESKTOP-05DVESU" failures="0" tests="1" name="DAMS.Testcases.Smoke_Suite_1.TC84_REMOVE_UpdateFR_ECU_Approved" time="291.280" errors="0" timestamp="2025-11-14T19:14:16 IST" skipped="0">
  <testcase classname="DAMS.Testcases.Smoke_Suite_1.TC84_REMOVE_UpdateFR_ECU_Approved" name="remove_functional_role_SpecialAccess_Approved" time="291.280"/>
  <system-out/>
</testsuite> <!-- DAMS.Testcases.Smoke_Suite_1.TC84_REMOVE_UpdateFR_ECU_Approved -->
