<?xml version="1.0" encoding="UTF-8"?>
<!-- Generated by org.testng.reporters.JUnitReportReporter -->
<testsuite hostname="DESKTOP-05DVESU" failures="0" tests="3" name="DAMS.Testcases.Smoke_Suite_1.TC07_STD_ATG_FRapproved" time="237.472" errors="0" timestamp="2026-02-23T10:19:46 IST" skipped="2">
  <testcase classname="DAMS.Testcases.Smoke_Suite_1.TC07_STD_ATG_FRapproved" name="Funtional_role_request_approved_Supplier" time="237.472"/>
  <system-out/>
  <testcase classname="DAMS.Testcases.Smoke_Suite_1.TC07_STD_ATG_FRapproved" name="Funtional_role_request_approved_External">
    <skipped/>
  </testcase> <!-- Funtional_role_request_approved_External -->
  <system-out/>
  <testcase classname="DAMS.Testcases.Smoke_Suite_1.TC07_STD_ATG_FRapproved" name="Funtional_role_request_approved_Internal">
    <skipped/>
  </testcase> <!-- Funtional_role_request_approved_Internal -->
  <system-out/>
</testsuite> <!-- DAMS.Testcases.Smoke_Suite_1.TC07_STD_ATG_FRapproved -->
