<?xml version="1.0" encoding="UTF-8"?>
<!-- Generated by org.testng.reporters.JUnitReportReporter -->
<testsuite hostname="DESKTOP-05DVESU" failures="0" tests="1" name="DAMS.Testcases.Regression_Suite.Internal.TC012_Reject_Approve_Internal_Global" time="270.990" errors="0" timestamp="2025-11-07T00:29:36 IST" skipped="0">
  <testcase classname="DAMS.Testcases.Regression_Suite.Internal.TC012_Reject_Approve_Internal_Global" name="Reject_Approve_Internal_Global" time="270.990"/>
  <system-out/>
</testsuite> <!-- DAMS.Testcases.Regression_Suite.Internal.TC012_Reject_Approve_Internal_Global -->
