<?xml version="1.0" encoding="UTF-8"?>
<!-- Generated by org.testng.reporters.JUnitReportReporter -->
<testsuite hostname="DESKTOP-05DVESU" failures="0" tests="1" name="DAMS.Testcases.Regression_Suite.Overall.TC014_Supplier_OverAll_Run" time="40.910" errors="0" timestamp="2026-02-22T20:50:23 IST" skipped="0">
  <testcase classname="DAMS.Testcases.Regression_Suite.Overall.TC014_Supplier_OverAll_Run" name="Overall_Global_ATG_Regression_E2E_Supplier" time="40.910"/>
  <system-out/>
</testsuite> <!-- DAMS.Testcases.Regression_Suite.Overall.TC014_Supplier_OverAll_Run -->
