<?xml version="1.0" encoding="UTF-8"?>
<!-- Generated by org.testng.reporters.JUnitReportReporter -->
<testsuite hostname="DESKTOP-H9DVS6C" failures="0" tests="3" name="DAMS.Testcases.Smoke_Suite_1.TC29_ReplacementPackage_RootBackend_Swap_GLOBAL" time="206.017" errors="0" timestamp="2025-07-21T00:31:33 IST" skipped="2">
  <testcase classname="DAMS.Testcases.Smoke_Suite_1.TC29_ReplacementPackage_RootBackend_Swap_GLOBAL" name="create_replacemnet_package_External" time="206.017"/>
  <system-out/>
  <testcase classname="DAMS.Testcases.Smoke_Suite_1.TC29_ReplacementPackage_RootBackend_Swap_GLOBAL" name="create_replacement_package_Internal">
    <skipped/>
  </testcase> <!-- create_replacement_package_Internal -->
  <system-out/>
  <testcase classname="DAMS.Testcases.Smoke_Suite_1.TC29_ReplacementPackage_RootBackend_Swap_GLOBAL" name="create_replacemnet_package_Supplier">
    <skipped/>
  </testcase> <!-- create_replacemnet_package_Supplier -->
  <system-out/>
</testsuite> <!-- DAMS.Testcases.Smoke_Suite_1.TC29_ReplacementPackage_RootBackend_Swap_GLOBAL -->
