<?xml version="1.0" encoding="UTF-8"?>
<!-- Generated by org.testng.reporters.JUnitReportReporter -->
<testsuite hostname="DTC-5CG2190CH4" failures="0" tests="1" name="DAMS.Testcases.Smoke_Suite_1.TC63_ServicePrincipal_Production_DA_Rejected" time="178.833" errors="0" timestamp="2025-08-29T17:45:30 IST" skipped="0">
  <testcase classname="DAMS.Testcases.Smoke_Suite_1.TC63_ServicePrincipal_Production_DA_Rejected" name="reject_Service_Principal_Production_test_case" time="178.833"/>
  <system-out/>
</testsuite> <!-- DAMS.Testcases.Smoke_Suite_1.TC63_ServicePrincipal_Production_DA_Rejected -->
