<?xml version="1.0" encoding="UTF-8"?>
<!-- Generated by org.testng.reporters.JUnitReportReporter -->
<testsuite hostname="DESKTOP-H9DVS6C" failures="0" tests="2" name="DAMS.Testcases.Smoke_Suite_1.TC15_NestT_CentralAuth_GLOBAL" time="231.083" errors="0" timestamp="2025-07-05T23:49:32 IST" skipped="1">
  <testcase classname="DAMS.Testcases.Smoke_Suite_1.TC15_NestT_CentralAuth_GLOBAL" name="create_NestT_Request_Internal_test_case" time="231.083"/>
  <system-out/>
  <testcase classname="DAMS.Testcases.Smoke_Suite_1.TC15_NestT_CentralAuth_GLOBAL" name="create_NestT_Request_Supplier_test_case">
    <skipped/>
  </testcase> <!-- create_NestT_Request_Supplier_test_case -->
  <system-out/>
</testsuite> <!-- DAMS.Testcases.Smoke_Suite_1.TC15_NestT_CentralAuth_GLOBAL -->
