<?xml version="1.0" encoding="UTF-8"?>
<!-- Generated by org.testng.reporters.JUnitReportReporter -->
<testsuite hostname="DESKTOP-05DVESU" failures="0" tests="3" name="DAMS.Testcases.Smoke_Suite_1.TC30_ReplacementPackage_RootBackend_Swap_Swap_GLOBAL_Rejected" time="332.991" errors="0" timestamp="2025-08-31T13:37:38 IST" skipped="2">
  <testcase classname="DAMS.Testcases.Smoke_Suite_1.TC30_ReplacementPackage_RootBackend_Swap_Swap_GLOBAL_Rejected" name="create_and_reject_Replacement_Request_Internal_test_case" time="332.991"/>
  <system-out/>
  <testcase classname="DAMS.Testcases.Smoke_Suite_1.TC30_ReplacementPackage_RootBackend_Swap_Swap_GLOBAL_Rejected" name="create_replacemnet_package_Supplier">
    <skipped/>
  </testcase> <!-- create_replacemnet_package_Supplier -->
  <system-out/>
  <testcase classname="DAMS.Testcases.Smoke_Suite_1.TC30_ReplacementPackage_RootBackend_Swap_Swap_GLOBAL_Rejected" name="create_replacemnet_package_External">
    <skipped/>
  </testcase> <!-- create_replacemnet_package_External -->
  <system-out/>
</testsuite> <!-- DAMS.Testcases.Smoke_Suite_1.TC30_ReplacementPackage_RootBackend_Swap_Swap_GLOBAL_Rejected -->
