<?xml version="1.0" encoding="UTF-8"?>
<!-- Generated by org.testng.reporters.JUnitReportReporter -->
<testsuite hostname="DTC-5CG2190CH4" failures="0" tests="3" name="DAMS.Testcases.Smoke_Suite_1.TC002_ATG_Smoke_TestSuite_E2E" time="1066.912" errors="0" timestamp="2026-01-23T18:17:55 IST" skipped="2">
  <testcase classname="DAMS.Testcases.Smoke_Suite_1.TC002_ATG_Smoke_TestSuite_E2E" name="atg_Smoke_TestSuite_E2E_Supplier" time="1066.912"/>
  <system-out/>
  <testcase classname="DAMS.Testcases.Smoke_Suite_1.TC002_ATG_Smoke_TestSuite_E2E" name="atg_Smoke_TestSuite_E2E_External">
    <skipped/>
  </testcase> <!-- atg_Smoke_TestSuite_E2E_External -->
  <system-out/>
  <testcase classname="DAMS.Testcases.Smoke_Suite_1.TC002_ATG_Smoke_TestSuite_E2E" name="atg_Smoke_TestSuite_E2E_Internal">
    <skipped/>
  </testcase> <!-- atg_Smoke_TestSuite_E2E_Internal -->
  <system-out/>
</testsuite> <!-- DAMS.Testcases.Smoke_Suite_1.TC002_ATG_Smoke_TestSuite_E2E -->
