<?xml version="1.0" encoding="UTF-8"?>
<!-- Generated by org.testng.reporters.JUnitReportReporter -->
<testsuite hostname="DTC-5CG2190CH4" failures="0" tests="3" name="DAMS.Testcases.Smoke_Suite_1.TC08_STD_ATG_FRapproved" time="110.938" errors="0" timestamp="2025-07-04T11:40:41 IST" skipped="2">
  <testcase classname="DAMS.Testcases.Smoke_Suite_1.TC08_STD_ATG_FRapproved" name="Funtional_role_request_approved_Internal" time="110.938"/>
  <system-out/>
  <testcase classname="DAMS.Testcases.Smoke_Suite_1.TC08_STD_ATG_FRapproved" name="Funtional_role_request_approved_Supplier">
    <skipped/>
  </testcase> <!-- Funtional_role_request_approved_Supplier -->
  <system-out/>
  <testcase classname="DAMS.Testcases.Smoke_Suite_1.TC08_STD_ATG_FRapproved" name="Funtional_role_request_approved_External">
    <skipped/>
  </testcase> <!-- Funtional_role_request_approved_External -->
  <system-out/>
</testsuite> <!-- DAMS.Testcases.Smoke_Suite_1.TC08_STD_ATG_FRapproved -->
