<?xml version="1.0" encoding="UTF-8"?>
<!-- Generated by org.testng.reporters.JUnitReportReporter -->
<testsuite hostname="DESKTOP-05DVESU" failures="0" tests="1" name="DAMS.Testcases.Regression_Suite.Internal.TC014_Internal_OverAll_Run" time="2936.081" errors="0" timestamp="2026-02-12T00:04:02 IST" skipped="0">
  <testcase classname="DAMS.Testcases.Regression_Suite.Internal.TC014_Internal_OverAll_Run" name="development_Global_Regression_E2E_Internal" time="2936.081"/>
  <system-out/>
</testsuite> <!-- DAMS.Testcases.Regression_Suite.Internal.TC014_Internal_OverAll_Run -->
