<?xml version="1.0" encoding="UTF-8"?>
<!-- Generated by org.testng.reporters.JUnitReportReporter -->
<testsuite hostname="DESKTOP-05DVESU" failures="0" tests="3" name="DAMS.Testcases.Regression_Suite.Overall.TC001_OverAll_Internal_External_Supplier_Global_ATG" time="736.156" errors="0" timestamp="2026-04-08T19:57:27 IST" skipped="2">
  <testcase classname="DAMS.Testcases.Regression_Suite.Overall.TC001_OverAll_Internal_External_Supplier_Global_ATG" name="Overall_Global_ATG_Regression_E2E_Internal" time="736.156"/>
  <system-out/>
  <testcase classname="DAMS.Testcases.Regression_Suite.Overall.TC001_OverAll_Internal_External_Supplier_Global_ATG" name="Overall_Global_ATG_Regression_E2E_Supplier">
    <skipped/>
  </testcase> <!-- Overall_Global_ATG_Regression_E2E_Supplier -->
  <system-out/>
  <testcase classname="DAMS.Testcases.Regression_Suite.Overall.TC001_OverAll_Internal_External_Supplier_Global_ATG" name="Overall_Global_ATG_Regression_E2E_External">
    <skipped/>
  </testcase> <!-- Overall_Global_ATG_Regression_E2E_External -->
  <system-out/>
</testsuite> <!-- DAMS.Testcases.Regression_Suite.Overall.TC001_OverAll_Internal_External_Supplier_Global_ATG -->
