<?xml version="1.0" encoding="UTF-8"?>
<!-- Generated by org.testng.reporters.JUnitReportReporter -->
<testsuite hostname="DESKTOP-05DVESU" failures="0" tests="1" name="DAMS.Testcases.Smoke_Suite_1.TC83_REMOVE_UpdateFR_ECU_Rejected" time="113.461" errors="0" timestamp="2025-11-14T18:21:13 IST" skipped="0">
  <testcase classname="DAMS.Testcases.Smoke_Suite_1.TC83_REMOVE_UpdateFR_ECU_Rejected" name="remove_functional_role_SpecialAccess_Reject" time="113.461"/>
  <system-out/>
</testsuite> <!-- DAMS.Testcases.Smoke_Suite_1.TC83_REMOVE_UpdateFR_ECU_Rejected -->
