<?xml version="1.0" encoding="UTF-8"?>
<!-- Generated by org.testng.reporters.JUnitReportReporter -->
<testsuite hostname="DESKTOP-05DVESU" failures="0" tests="1" name="DAMS.Testcases.Regression_Suite.Supplier.TC009_FUSO_Supplier_All_FR_Global" time="51.781" errors="1" timestamp="2025-12-06T22:54:11 IST" skipped="0">
  <testcase classname="DAMS.Testcases.Regression_Suite.Supplier.TC009_FUSO_Supplier_All_FR_Global" name="Fuso_All_Global_Regression_E2E_Supplier" time="51.781">
    <error message="element click intercepted: Element &lt;span _ngcontent-ng-c1869840439=&quot;&quot; class=&quot;button-text&quot;&gt;...&lt;/span&gt; is not clickable at point (262, 249). Other element would receive the click: &lt;span class=&quot;mat-mdc-button-touch-target&quot;&gt;&lt;/span&gt;
  (Session info: chrome=143.0.7499.40)
Build info: version: &#039;4.3.0&#039;, revision: &#039;a4995e2c09*&#039;
System info: host: &#039;DESKTOP-05DVESU&#039;, ip: &#039;192.168.1.23&#039;, os.name: &#039;Windows 11&#039;, os.arch: &#039;amd64&#039;, os.version: &#039;10.0&#039;, java.version: &#039;17.0.8.1&#039;
Driver info: org.openqa.selenium.chrome.ChromeDriver
Command: [b8d59462d11e6f3cbeab3cbbb0beb268, clickElement {id=f.25B6F5F33036292CA411D6B81FFA77C2.d.F7953F325E3B67D8BCF15FD514BD4D5C.e.13}]
Capabilities {acceptInsecureCerts: true, browserName: chrome, browserVersion: 143.0.7499.40, chrome: {chromedriverVersion: 143.0.7499.40 (c23ff452476d..., userDataDir: C:\Users\Admin\AppData\Loca...}, fedcm:accounts: true, goog:chromeOptions: {debuggerAddress: localhost:59282}, goog:processID: 22552, networkConnectionEnabled: false, pageLoadStrategy: normal, platformName: WINDOWS, proxy: Proxy(), se:cdp: ws://localhost:59282/devtoo..., se:cdpVersion: 143.0.7499.40, setWindowRect: true, strictFileInteractability: false, timeouts: {implicit: 0, pageLoad: 300000, script: 30000}, unhandledPromptBehavior: dismiss and notify, webauthn:extension:credBlob: true, webauthn:extension:largeBlob: true, webauthn:extension:minPinLength: true, webauthn:extension:prf: true, webauthn:virtualAuthenticators: true}
Element: [[ChromeDriver: chrome on WINDOWS (b8d59462d11e6f3cbeab3cbbb0beb268)] -&gt; xpath: //span[@class=&#039;button-text&#039;]]
Session ID: b8d59462d11e6f3cbeab3cbbb0beb268" type="org.openqa.selenium.ElementClickInterceptedException">
      <![CDATA[org.openqa.selenium.ElementClickInterceptedException: element click intercepted: Element <span _ngcontent-ng-c1869840439="" class="button-text">...</span> is not clickable at point (262, 249). Other element would receive the click: <span class="mat-mdc-button-touch-target"></span>
  (Session info: chrome=143.0.7499.40)
Build info: version: '4.3.0', revision: 'a4995e2c09*'
System info: host: 'DESKTOP-05DVESU', ip: '192.168.1.23', os.name: 'Windows 11', os.arch: 'amd64', os.version: '10.0', java.version: '17.0.8.1'
Driver info: org.openqa.selenium.chrome.ChromeDriver
Command: [b8d59462d11e6f3cbeab3cbbb0beb268, clickElement {id=f.25B6F5F33036292CA411D6B81FFA77C2.d.F7953F325E3B67D8BCF15FD514BD4D5C.e.13}]
Capabilities {acceptInsecureCerts: true, browserName: chrome, browserVersion: 143.0.7499.40, chrome: {chromedriverVersion: 143.0.7499.40 (c23ff452476d..., userDataDir: C:\Users\Admin\AppData\Loca...}, fedcm:accounts: true, goog:chromeOptions: {debuggerAddress: localhost:59282}, goog:processID: 22552, networkConnectionEnabled: false, pageLoadStrategy: normal, platformName: WINDOWS, proxy: Proxy(), se:cdp: ws://localhost:59282/devtoo..., se:cdpVersion: 143.0.7499.40, setWindowRect: true, strictFileInteractability: false, timeouts: {implicit: 0, pageLoad: 300000, script: 30000}, unhandledPromptBehavior: dismiss and notify, webauthn:extension:credBlob: true, webauthn:extension:largeBlob: true, webauthn:extension:minPinLength: true, webauthn:extension:prf: true, webauthn:virtualAuthenticators: true}
Element: [[ChromeDriver: chrome on WINDOWS (b8d59462d11e6f3cbeab3cbbb0beb268)] -> xpath: //span[@class='button-text']]
Session ID: b8d59462d11e6f3cbeab3cbbb0beb268
at java.base/jdk.internal.reflect.NativeConstructorAccessorImpl.newInstance0(Native Method)
at java.base/jdk.internal.reflect.NativeConstructorAccessorImpl.newInstance(NativeConstructorAccessorImpl.java:77)
at java.base/jdk.internal.reflect.DelegatingConstructorAccessorImpl.newInstance(DelegatingConstructorAccessorImpl.java:45)
at java.base/java.lang.reflect.Constructor.newInstanceWithCaller(Constructor.java:499)
at java.base/java.lang.reflect.Constructor.newInstance(Constructor.java:480)
at org.openqa.selenium.remote.codec.w3c.W3CHttpResponseCodec.createException(W3CHttpResponseCodec.java:200)
at org.openqa.selenium.remote.codec.w3c.W3CHttpResponseCodec.decode(W3CHttpResponseCodec.java:133)
at org.openqa.selenium.remote.codec.w3c.W3CHttpResponseCodec.decode(W3CHttpResponseCodec.java:53)
at org.openqa.selenium.remote.HttpCommandExecutor.execute(HttpCommandExecutor.java:184)
at org.openqa.selenium.remote.service.DriverCommandExecutor.invokeExecute(DriverCommandExecutor.java:167)
at org.openqa.selenium.remote.service.DriverCommandExecutor.execute(DriverCommandExecutor.java:142)
at org.openqa.selenium.remote.RemoteWebDriver.execute(RemoteWebDriver.java:569)
at org.openqa.selenium.remote.RemoteWebElement.execute(RemoteWebElement.java:257)
at org.openqa.selenium.remote.RemoteWebElement.click(RemoteWebElement.java:78)
at DAMS.PageObjects.HomePage.dropBtn(HomePage.java:209)
at DAMS.Testcases.Smoke_Suite_1.TC02_Requests_STD_GLOBAL.login_and_select_user_Global(TC02_Requests_STD_GLOBAL.java:207)
at DAMS.Testcases.Smoke_Suite_1.TC06_STD_GLOBAL_FRapproved.create_and_approve_Supplier_FR_request(TC06_STD_GLOBAL_FRapproved.java:104)
at DAMS.Testcases.Smoke_Suite_1.TC06_STD_GLOBAL_FRapproved.Functional_role_request_approved_Supplier(TC06_STD_GLOBAL_FRapproved.java:48)
at DAMS.Testcases.Regression_Suite.Supplier.TC009_FUSO_Supplier_All_FR_Global.Fuso_All_Global_Regression_E2E_Supplier(TC009_FUSO_Supplier_All_FR_Global.java:36)
at java.base/jdk.internal.reflect.NativeMethodAccessorImpl.invoke0(Native Method)
at java.base/jdk.internal.reflect.NativeMethodAccessorImpl.invoke(NativeMethodAccessorImpl.java:77)
at java.base/jdk.internal.reflect.DelegatingMethodAccessorImpl.invoke(DelegatingMethodAccessorImpl.java:43)
at java.base/java.lang.reflect.Method.invoke(Method.java:568)
at org.testng.internal.MethodInvocationHelper.invokeMethod(MethodInvocationHelper.java:134)
at org.testng.internal.TestInvoker.invokeMethod(TestInvoker.java:597)
at org.testng.internal.TestInvoker.invokeTestMethod(TestInvoker.java:173)
at org.testng.internal.MethodRunner.runInSequence(MethodRunner.java:46)
at org.testng.internal.TestInvoker$MethodInvocationAgent.invoke(TestInvoker.java:816)
at org.testng.internal.TestInvoker.invokeTestMethods(TestInvoker.java:146)
at org.testng.internal.TestMethodWorker.invokeTestMethods(TestMethodWorker.java:146)
at org.testng.internal.TestMethodWorker.run(TestMethodWorker.java:128)
at java.base/java.util.ArrayList.forEach(ArrayList.java:1511)
at org.testng.TestRunner.privateRun(TestRunner.java:766)
at org.testng.TestRunner.run(TestRunner.java:587)
at org.testng.SuiteRunner.runTest(SuiteRunner.java:384)
at org.testng.SuiteRunner.runSequentially(SuiteRunner.java:378)
at org.testng.SuiteRunner.privateRun(SuiteRunner.java:337)
at org.testng.SuiteRunner.run(SuiteRunner.java:286)
at org.testng.SuiteRunnerWorker.runSuite(SuiteRunnerWorker.java:53)
at org.testng.SuiteRunnerWorker.run(SuiteRunnerWorker.java:96)
at org.testng.TestNG.runSuitesSequentially(TestNG.java:1187)
at org.testng.TestNG.runSuitesLocally(TestNG.java:1109)
at org.testng.TestNG.runSuites(TestNG.java:1039)
at org.testng.TestNG.run(TestNG.java:1007)
at org.testng.remote.AbstractRemoteTestNG.run(AbstractRemoteTestNG.java:115)
at org.testng.remote.RemoteTestNG.initAndRun(RemoteTestNG.java:293)
at org.testng.remote.RemoteTestNG.main(RemoteTestNG.java:91)
]]>
    </error>
  </testcase> <!-- Fuso_All_Global_Regression_E2E_Supplier -->
  <system-out/>
</testsuite> <!-- DAMS.Testcases.Regression_Suite.Supplier.TC009_FUSO_Supplier_All_FR_Global -->
