<?xml version="1.0" encoding="UTF-8"?>
<!-- Generated by org.testng.reporters.JUnitReportReporter -->
<testsuite hostname="DTC-5CG2190CH4" failures="0" tests="3" name="DAMS.Testcases.Smoke_Suite.TC03_Requests_STD_ATG_FR" time="46.658" errors="0" timestamp="2025-07-02T16:01:54 IST" skipped="2">
  <testcase classname="DAMS.Testcases.Smoke_Suite.TC03_Requests_STD_ATG_FR" name="apply_internal_functional_role_create_test_case" time="46.658"/>
  <system-out/>
  <testcase classname="DAMS.Testcases.Smoke_Suite.TC03_Requests_STD_ATG_FR" name="apply_supplier_functional_role_create_test_case">
    <skipped/>
  </testcase> <!-- apply_supplier_functional_role_create_test_case -->
  <system-out/>
  <testcase classname="DAMS.Testcases.Smoke_Suite.TC03_Requests_STD_ATG_FR" name="apply_External_functional_role_create_test_case">
    <skipped/>
  </testcase> <!-- apply_External_functional_role_create_test_case -->
  <system-out/>
</testsuite> <!-- DAMS.Testcases.Smoke_Suite.TC03_Requests_STD_ATG_FR -->
