<?xml version="1.0" encoding="UTF-8"?>
<!-- Generated by org.testng.reporters.JUnitReportReporter -->
<testsuite hostname="DESKTOP-05DVESU" failures="0" tests="1" name="DAMS.Testcases.Smoke_Suite_1.TC76_ViewPublisher_Onboarding_Edit" time="133.342" errors="0" timestamp="2025-11-14T17:04:18 IST" skipped="0">
  <testcase classname="DAMS.Testcases.Smoke_Suite_1.TC76_ViewPublisher_Onboarding_Edit" name="raise_Edit_ThirdParty_ViewPublisher_Onboarding_Request" time="133.342"/>
  <system-out/>
</testsuite> <!-- DAMS.Testcases.Smoke_Suite_1.TC76_ViewPublisher_Onboarding_Edit -->
