<?xml version="1.0" encoding="UTF-8"?>
<!-- Generated by org.testng.reporters.JUnitReportReporter -->
<testsuite hostname="DESKTOP-05DVESU" failures="0" tests="1" name="DAMS.Testcases.Smoke_Suite_1.TC80_ADD_UpdateFR_ECU_Rejected" time="108.595" errors="0" timestamp="2026-02-04T23:41:11 IST" skipped="0">
  <testcase classname="DAMS.Testcases.Smoke_Suite_1.TC80_ADD_UpdateFR_ECU_Rejected" name="add_functional_role_SpecialAccess_Reject" time="108.595"/>
  <system-out/>
</testsuite> <!-- DAMS.Testcases.Smoke_Suite_1.TC80_ADD_UpdateFR_ECU_Rejected -->
