<?xml version="1.0" encoding="UTF-8"?>
<!-- Generated by org.testng.reporters.JUnitReportReporter -->
<testsuite hostname="DTC-5CG2190CH4" failures="0" tests="1" name="DAMS.Testcases.Regression_Suite.Supplier.TC009_FUSO_Supplier_All_FR_Global" time="31.596" errors="1" timestamp="2025-12-22T13:38:24 IST" skipped="0">
  <testcase classname="DAMS.Testcases.Regression_Suite.Supplier.TC009_FUSO_Supplier_All_FR_Global" name="Fuso_All_Global_Regression_E2E_Supplier" time="31.596">
    <error message="Cannot invoke &quot;Object.equals(Object)&quot; because the return value of &quot;org.openqa.selenium.JavascriptExecutor.executeScript(String, Object[])&quot; is null" type="java.lang.NullPointerException">
      <![CDATA[java.lang.NullPointerException: Cannot invoke "Object.equals(Object)" because the return value of "org.openqa.selenium.JavascriptExecutor.executeScript(String, Object[])" is null
at DAMS.Resources.BaseClass.lambda$0(BaseClass.java:576)
at org.openqa.selenium.support.ui.FluentWait.until(FluentWait.java:208)
at DAMS.Resources.BaseClass.waitForPageLoad(BaseClass.java:575)
at DAMS.Testcases.Smoke_Suite_1.TC02_Requests_STD_GLOBAL.login_and_select_user_Global(TC02_Requests_STD_GLOBAL.java:225)
at DAMS.Testcases.Smoke_Suite_1.TC06_STD_GLOBAL_FRapproved.create_and_approve_Supplier_FR_request(TC06_STD_GLOBAL_FRapproved.java:104)
at DAMS.Testcases.Smoke_Suite_1.TC06_STD_GLOBAL_FRapproved.Functional_role_request_approved_Supplier(TC06_STD_GLOBAL_FRapproved.java:48)
at DAMS.Testcases.Regression_Suite.Supplier.TC009_FUSO_Supplier_All_FR_Global.Fuso_All_Global_Regression_E2E_Supplier(TC009_FUSO_Supplier_All_FR_Global.java:36)
at java.base/jdk.internal.reflect.DirectMethodHandleAccessor.invoke(DirectMethodHandleAccessor.java:103)
at java.base/java.lang.reflect.Method.invoke(Method.java:580)
at org.testng.internal.MethodInvocationHelper.invokeMethod(MethodInvocationHelper.java:134)
at org.testng.internal.TestInvoker.invokeMethod(TestInvoker.java:597)
at org.testng.internal.TestInvoker.invokeTestMethod(TestInvoker.java:173)
at org.testng.internal.MethodRunner.runInSequence(MethodRunner.java:46)
at org.testng.internal.TestInvoker$MethodInvocationAgent.invoke(TestInvoker.java:816)
at org.testng.internal.TestInvoker.invokeTestMethods(TestInvoker.java:146)
at org.testng.internal.TestMethodWorker.invokeTestMethods(TestMethodWorker.java:146)
at org.testng.internal.TestMethodWorker.run(TestMethodWorker.java:128)
at java.base/java.util.ArrayList.forEach(ArrayList.java:1596)
at org.testng.TestRunner.privateRun(TestRunner.java:766)
at org.testng.TestRunner.run(TestRunner.java:587)
at org.testng.SuiteRunner.runTest(SuiteRunner.java:384)
at org.testng.SuiteRunner.runSequentially(SuiteRunner.java:378)
at org.testng.SuiteRunner.privateRun(SuiteRunner.java:337)
at org.testng.SuiteRunner.run(SuiteRunner.java:286)
at org.testng.SuiteRunnerWorker.runSuite(SuiteRunnerWorker.java:53)
at org.testng.SuiteRunnerWorker.run(SuiteRunnerWorker.java:96)
at org.testng.TestNG.runSuitesSequentially(TestNG.java:1187)
at org.testng.TestNG.runSuitesLocally(TestNG.java:1109)
at org.testng.TestNG.runSuites(TestNG.java:1039)
at org.testng.TestNG.run(TestNG.java:1007)
at org.testng.remote.AbstractRemoteTestNG.run(AbstractRemoteTestNG.java:115)
at org.testng.remote.RemoteTestNG.initAndRun(RemoteTestNG.java:293)
at org.testng.remote.RemoteTestNG.main(RemoteTestNG.java:91)
]]>
    </error>
  </testcase> <!-- Fuso_All_Global_Regression_E2E_Supplier -->
  <system-out/>
</testsuite> <!-- DAMS.Testcases.Regression_Suite.Supplier.TC009_FUSO_Supplier_All_FR_Global -->
