<?xml version="1.0" encoding="UTF-8"?>
<!-- Generated by org.testng.reporters.JUnitReportReporter -->
<testsuite hostname="DESKTOP-H9DVS6C" failures="0" tests="2" name="DAMS.Testcases.Smoke_Suite.TC_009_NestT_Request_Approved_status" time="269.097" errors="0" timestamp="2025-06-22T14:46:52 IST" skipped="1">
  <testcase classname="DAMS.Testcases.Smoke_Suite.TC_009_NestT_Request_Approved_status" name="create_and_Approve_NestT__Request_Internal_test_case" time="269.097"/>
  <system-out/>
  <testcase classname="DAMS.Testcases.Smoke_Suite.TC_009_NestT_Request_Approved_status" name="create_and_Approve_NestT__Request_Supplier_test_case">
    <skipped/>
  </testcase> <!-- create_and_Approve_NestT__Request_Supplier_test_case -->
  <system-out/>
</testsuite> <!-- DAMS.Testcases.Smoke_Suite.TC_009_NestT_Request_Approved_status -->
