<?xml version="1.0" encoding="UTF-8"?>
<!-- Generated by org.testng.reporters.JUnitReportReporter -->
<testsuite hostname="DTC-5CG2190CH4" failures="0" tests="2" name="DAMS.Testcases.Smoke_Suite_1.TC01_Login_MFA" time="20.266" errors="0" timestamp="2025-11-13T17:01:04 IST" skipped="1">
  <testcase classname="DAMS.Testcases.Smoke_Suite_1.TC01_Login_MFA" name="login_with_addressing_MFA" time="20.266"/>
  <system-out/>
  <testcase classname="DAMS.Testcases.Smoke_Suite_1.TC01_Login_MFA" name="login_with_addressing_MFA_normal">
    <skipped/>
  </testcase> <!-- login_with_addressing_MFA_normal -->
  <system-out/>
</testsuite> <!-- DAMS.Testcases.Smoke_Suite_1.TC01_Login_MFA -->
