<?xml version="1.0" encoding="UTF-8"?>
<!-- Generated by org.testng.reporters.JUnitReportReporter -->
<testsuite hostname="DTC-5CG2190CH4" failures="0" tests="3" name="DAMS.Testcases.Smoke_Suite_1.TC001_Global_Smoke_TestSuite_E2E" time="107.911" errors="1" timestamp="2026-04-05T00:39:41 IST" skipped="2">
  <testcase classname="DAMS.Testcases.Smoke_Suite_1.TC001_Global_Smoke_TestSuite_E2E" name="global_Smoke_TestSuite_E2E_Supplier" time="107.911">
    <error message="invalid session id
Build info: version: &#039;4.3.0&#039;, revision: &#039;a4995e2c09*&#039;
System info: host: &#039;DTC-5CG2190CH4&#039;, ip: &#039;10.168.99.33&#039;, os.name: &#039;Windows 11&#039;, os.arch: &#039;amd64&#039;, os.version: &#039;10.0&#039;, java.version: &#039;21.0.6&#039;
Driver info: org.openqa.selenium.chrome.ChromeDriver
Command: [549c85f4fbe61142909a0796bf435a98, findElement {using=xpath, value=//span[contains(text(),&#039;Robert Bosch&#039;)]}]
Capabilities {acceptInsecureCerts: true, browserName: chrome, browserVersion: 146.0.7680.178, chrome: {chromedriverVersion: 146.0.7680.165 (4b989da09e1..., userDataDir: C:\Users\HARNAGA\AppData\Lo...}, fedcm:accounts: true, goog:chromeOptions: {debuggerAddress: localhost:53785}, goog:processID: 3168, networkConnectionEnabled: false, pageLoadStrategy: normal, platformName: WINDOWS, proxy: Proxy(), se:cdp: ws://localhost:53785/devtoo..., se:cdpVersion: 146.0.7680.178, setWindowRect: true, strictFileInteractability: false, timeouts: {implicit: 0, pageLoad: 300000, script: 30000}, unhandledPromptBehavior: dismiss and notify, webauthn:extension:credBlob: true, webauthn:extension:largeBlob: true, webauthn:extension:minPinLength: true, webauthn:extension:prf: true, webauthn:virtualAuthenticators: true}
Session ID: 549c85f4fbe61142909a0796bf435a98" type="org.openqa.selenium.NoSuchSessionException">
      <![CDATA[org.openqa.selenium.NoSuchSessionException: invalid session id
Build info: version: '4.3.0', revision: 'a4995e2c09*'
System info: host: 'DTC-5CG2190CH4', ip: '10.168.99.33', os.name: 'Windows 11', os.arch: 'amd64', os.version: '10.0', java.version: '21.0.6'
Driver info: org.openqa.selenium.chrome.ChromeDriver
Command: [549c85f4fbe61142909a0796bf435a98, findElement {using=xpath, value=//span[contains(text(),'Robert Bosch')]}]
Capabilities {acceptInsecureCerts: true, browserName: chrome, browserVersion: 146.0.7680.178, chrome: {chromedriverVersion: 146.0.7680.165 (4b989da09e1..., userDataDir: C:\Users\HARNAGA\AppData\Lo...}, fedcm:accounts: true, goog:chromeOptions: {debuggerAddress: localhost:53785}, goog:processID: 3168, networkConnectionEnabled: false, pageLoadStrategy: normal, platformName: WINDOWS, proxy: Proxy(), se:cdp: ws://localhost:53785/devtoo..., se:cdpVersion: 146.0.7680.178, setWindowRect: true, strictFileInteractability: false, timeouts: {implicit: 0, pageLoad: 300000, script: 30000}, unhandledPromptBehavior: dismiss and notify, webauthn:extension:credBlob: true, webauthn:extension:largeBlob: true, webauthn:extension:minPinLength: true, webauthn:extension:prf: true, webauthn:virtualAuthenticators: true}
Session ID: 549c85f4fbe61142909a0796bf435a98
at java.base/jdk.internal.reflect.DirectConstructorHandleAccessor.newInstance(DirectConstructorHandleAccessor.java:62)
at java.base/java.lang.reflect.Constructor.newInstanceWithCaller(Constructor.java:502)
at java.base/java.lang.reflect.Constructor.newInstance(Constructor.java:486)
at org.openqa.selenium.remote.codec.w3c.W3CHttpResponseCodec.createException(W3CHttpResponseCodec.java:200)
at org.openqa.selenium.remote.codec.w3c.W3CHttpResponseCodec.decode(W3CHttpResponseCodec.java:133)
at org.openqa.selenium.remote.codec.w3c.W3CHttpResponseCodec.decode(W3CHttpResponseCodec.java:53)
at org.openqa.selenium.remote.HttpCommandExecutor.execute(HttpCommandExecutor.java:184)
at org.openqa.selenium.remote.service.DriverCommandExecutor.invokeExecute(DriverCommandExecutor.java:167)
at org.openqa.selenium.remote.service.DriverCommandExecutor.execute(DriverCommandExecutor.java:142)
at org.openqa.selenium.remote.RemoteWebDriver.execute(RemoteWebDriver.java:569)
at org.openqa.selenium.remote.ElementLocation$ElementFinder$2.findElement(ElementLocation.java:162)
at org.openqa.selenium.remote.ElementLocation.findElement(ElementLocation.java:60)
at org.openqa.selenium.remote.RemoteWebDriver.findElement(RemoteWebDriver.java:387)
at org.openqa.selenium.remote.RemoteWebDriver.findElement(RemoteWebDriver.java:379)
at DAMS.PageObjects.New_Functional_Role_Request_Page.select_business_unit(New_Functional_Role_Request_Page.java:541)
at DAMS.PageObjects.New_Functional_Role_Request_Page.raise_Supplier_functional_role_request(New_Functional_Role_Request_Page.java:808)
at DAMS.Testcases.Smoke_Suite_1.TC02_Requests_STD_GLOBAL.raise_Supplier_functional_role(TC02_Requests_STD_GLOBAL.java:147)
at DAMS.Testcases.Smoke_Suite_1.TC06_STD_GLOBAL_FRapproved.create_and_approve_Supplier_FR_request(TC06_STD_GLOBAL_FRapproved.java:106)
at DAMS.Testcases.Smoke_Suite_1.TC06_STD_GLOBAL_FRapproved.Functional_role_request_approved_Supplier(TC06_STD_GLOBAL_FRapproved.java:48)
at DAMS.Testcases.Smoke_Suite_1.TC001_Global_Smoke_TestSuite_E2E.global_Smoke_TestSuite_E2E_Supplier(TC001_Global_Smoke_TestSuite_E2E.java:145)
at java.base/jdk.internal.reflect.DirectMethodHandleAccessor.invoke(DirectMethodHandleAccessor.java:103)
at java.base/java.lang.reflect.Method.invoke(Method.java:580)
at org.testng.internal.MethodInvocationHelper.invokeMethod(MethodInvocationHelper.java:134)
at org.testng.internal.TestInvoker.invokeMethod(TestInvoker.java:597)
at org.testng.internal.TestInvoker.invokeTestMethod(TestInvoker.java:173)
at org.testng.internal.MethodRunner.runInSequence(MethodRunner.java:46)
at org.testng.internal.TestInvoker$MethodInvocationAgent.invoke(TestInvoker.java:816)
at org.testng.internal.TestInvoker.invokeTestMethods(TestInvoker.java:146)
at org.testng.internal.TestMethodWorker.invokeTestMethods(TestMethodWorker.java:146)
at org.testng.internal.TestMethodWorker.run(TestMethodWorker.java:128)
at java.base/java.util.concurrent.ThreadPoolExecutor.runWorker(ThreadPoolExecutor.java:1144)
at java.base/java.util.concurrent.ThreadPoolExecutor$Worker.run(ThreadPoolExecutor.java:642)
at java.base/java.lang.Thread.run(Thread.java:1583)
]]>
    </error>
  </testcase> <!-- global_Smoke_TestSuite_E2E_Supplier -->
  <system-out/>
  <testcase classname="DAMS.Testcases.Smoke_Suite_1.TC001_Global_Smoke_TestSuite_E2E" name="global_Smoke_TestSuite_E2E_External">
    <skipped/>
  </testcase> <!-- global_Smoke_TestSuite_E2E_External -->
  <system-out/>
  <testcase classname="DAMS.Testcases.Smoke_Suite_1.TC001_Global_Smoke_TestSuite_E2E" name="global_Smoke_TestSuite_E2E_Internal">
    <skipped/>
  </testcase> <!-- global_Smoke_TestSuite_E2E_Internal -->
  <system-out/>
</testsuite> <!-- DAMS.Testcases.Smoke_Suite_1.TC001_Global_Smoke_TestSuite_E2E -->
