<?xml version="1.0" encoding="UTF-8"?>
<!-- Generated by org.testng.reporters.JUnitReportReporter -->
<testsuite hostname="DESKTOP-H9DVS6C" failures="0" tests="3" name="DAMS.Testcases.Smoke_Suite.TC07_STD_GLOBAL_FRapproved" time="120.133" errors="0" timestamp="2025-07-01T16:22:57 IST" skipped="2">
  <testcase classname="DAMS.Testcases.Smoke_Suite.TC07_STD_GLOBAL_FRapproved" name="Funtional_role_request_approved_Internal" time="120.133"/>
  <system-out/>
  <testcase classname="DAMS.Testcases.Smoke_Suite.TC07_STD_GLOBAL_FRapproved" name="Funtional_role_request_approved_External">
    <skipped/>
  </testcase> <!-- Funtional_role_request_approved_External -->
  <system-out/>
  <testcase classname="DAMS.Testcases.Smoke_Suite.TC07_STD_GLOBAL_FRapproved" name="Funtional_role_request_approved_Supplier">
    <skipped/>
  </testcase> <!-- Funtional_role_request_approved_Supplier -->
  <system-out/>
</testsuite> <!-- DAMS.Testcases.Smoke_Suite.TC07_STD_GLOBAL_FRapproved -->
