<?xml version="1.0" encoding="UTF-8"?>
<!-- Generated by org.testng.reporters.JUnitReportReporter -->
<testsuite hostname="DESKTOP-05DVESU" failures="0" tests="1" name="DAMS.Testcases.Regression_Suite.Supplier.TC009_FUSO_Supplier_All_FR_Global" time="1278.067" errors="0" timestamp="2025-12-04T00:53:41 IST" skipped="0">
  <testcase classname="DAMS.Testcases.Regression_Suite.Supplier.TC009_FUSO_Supplier_All_FR_Global" name="Fuso_All_Global_Regression_E2E_Supplier" time="1278.067"/>
  <system-out/>
</testsuite> <!-- DAMS.Testcases.Regression_Suite.Supplier.TC009_FUSO_Supplier_All_FR_Global -->
