<?xml version="1.0" encoding="UTF-8"?>
<!-- Generated by org.testng.reporters.JUnitReportReporter -->
<testsuite hostname="DTC-5CG2190CH4" failures="0" tests="3" name="DAMS.Testcases.Smoke_Suite_1.TC09_Diagnostic_Authority_GLOBAL" time="92.415" errors="0" timestamp="2025-07-04T13:03:40 IST" skipped="2">
  <testcase classname="DAMS.Testcases.Smoke_Suite_1.TC09_Diagnostic_Authority_GLOBAL" name="create_Diagnostic_Authority__Request_Internal_test_case" time="92.415"/>
  <system-out/>
  <testcase classname="DAMS.Testcases.Smoke_Suite_1.TC09_Diagnostic_Authority_GLOBAL" name="create_Diagnostic_Authority__Request_External_test_case">
    <skipped/>
  </testcase> <!-- create_Diagnostic_Authority__Request_External_test_case -->
  <system-out/>
  <testcase classname="DAMS.Testcases.Smoke_Suite_1.TC09_Diagnostic_Authority_GLOBAL" name="create_Diagnostic_Authority__Request_Supplier_test_case">
    <skipped/>
  </testcase> <!-- create_Diagnostic_Authority__Request_Supplier_test_case -->
  <system-out/>
</testsuite> <!-- DAMS.Testcases.Smoke_Suite_1.TC09_Diagnostic_Authority_GLOBAL -->
