<?xml version="1.0" encoding="UTF-8"?>
<!-- Generated by org.testng.reporters.JUnitReportReporter -->
<testsuite hostname="DTC-5CG2190CH4" failures="0" tests="3" name="DAMS.Testcases.Smoke_Suite.TC11_Diagnostic_Authority_GLOBAL_Approved" time="91.283" errors="0" timestamp="2025-07-02T12:33:36 IST" skipped="2">
  <testcase classname="DAMS.Testcases.Smoke_Suite.TC11_Diagnostic_Authority_GLOBAL_Approved" name="create_and_Approve_Diagnostic_Authority__Request_test_case_Internal" time="91.283"/>
  <system-out/>
  <testcase classname="DAMS.Testcases.Smoke_Suite.TC11_Diagnostic_Authority_GLOBAL_Approved" name="create_and_Approve_Diagnostic_Authority__Request_test_case_Supplier">
    <skipped/>
  </testcase> <!-- create_and_Approve_Diagnostic_Authority__Request_test_case_Supplier -->
  <system-out/>
  <testcase classname="DAMS.Testcases.Smoke_Suite.TC11_Diagnostic_Authority_GLOBAL_Approved" name="create_and_Approve_Diagnostic_Authority__Request_test_case_External">
    <skipped/>
  </testcase> <!-- create_and_Approve_Diagnostic_Authority__Request_test_case_External -->
  <system-out/>
</testsuite> <!-- DAMS.Testcases.Smoke_Suite.TC11_Diagnostic_Authority_GLOBAL_Approved -->
