<?xml version="1.0" encoding="UTF-8"?>
<!-- Generated by org.testng.reporters.JUnitReportReporter -->
<testsuite hostname="DESKTOP-05DVESU" failures="0" tests="1" name="DAMS.Testcases.Smoke_Suite_1.TC77_ViewPublisher_Onboarding_Delete" time="132.719" errors="0" timestamp="2025-11-14T17:08:16 IST" skipped="0">
  <testcase classname="DAMS.Testcases.Smoke_Suite_1.TC77_ViewPublisher_Onboarding_Delete" name="raise_Delete_ThirdParty_ViewPublisher_Onboarding_Request" time="132.719"/>
  <system-out/>
</testsuite> <!-- DAMS.Testcases.Smoke_Suite_1.TC77_ViewPublisher_Onboarding_Delete -->
