<?xml version="1.0" encoding="UTF-8"?>
<!-- Generated by org.testng.reporters.JUnitReportReporter -->
<testsuite hostname="DESKTOP-H9DVS6C" failures="0" tests="2" name="DAMS.Testcases.Smoke_Suite_1.TC17_NestT_TestCOT_GLOBAL" time="164.425" errors="0" timestamp="2025-07-19T00:12:13 IST" skipped="1">
  <testcase classname="DAMS.Testcases.Smoke_Suite_1.TC17_NestT_TestCOT_GLOBAL" name="create_NestT_Request_External_test_case" time="164.425"/>
  <system-out/>
  <testcase classname="DAMS.Testcases.Smoke_Suite_1.TC17_NestT_TestCOT_GLOBAL" name="create_NestT_Request_Internal_test_case">
    <skipped/>
  </testcase> <!-- create_NestT_Request_Internal_test_case -->
  <system-out/>
</testsuite> <!-- DAMS.Testcases.Smoke_Suite_1.TC17_NestT_TestCOT_GLOBAL -->
