<?xml version="1.0" encoding="UTF-8"?>
<!-- Generated by org.testng.reporters.JUnitReportReporter -->
<testsuite hostname="DESKTOP-H9DVS6C" failures="0" tests="2" name="DAMS.Testcases.Smoke_Suite.TC_008_NestT_request_pending_status" time="849.185" errors="0" timestamp="2025-06-03T00:35:05 IST" skipped="1">
  <testcase classname="DAMS.Testcases.Smoke_Suite.TC_008_NestT_request_pending_status" name="create_NestT_Request_Internal_test_case" time="849.185"/>
  <system-out/>
  <testcase classname="DAMS.Testcases.Smoke_Suite.TC_008_NestT_request_pending_status" name="create_NestT_Request_Supplier_test_case">
    <skipped/>
  </testcase> <!-- create_NestT_Request_Supplier_test_case -->
  <system-out/>
</testsuite> <!-- DAMS.Testcases.Smoke_Suite.TC_008_NestT_request_pending_status -->
