<?xml version="1.0" encoding="UTF-8"?>
<!-- Generated by org.testng.reporters.JUnitReportReporter -->
<testsuite hostname="DTC-5CG2190CH4" failures="0" tests="2" name="DAMS.Testcases.Smoke_Suite_1.TC43_NestT_TestCOT_ATG_Approved" time="323.398" errors="0" timestamp="2025-07-31T17:23:53 IST" skipped="1">
  <testcase classname="DAMS.Testcases.Smoke_Suite_1.TC43_NestT_TestCOT_ATG_Approved" name="create_and_Approve_NestT__Request_External_test_case" time="323.398"/>
  <system-out/>
  <testcase classname="DAMS.Testcases.Smoke_Suite_1.TC43_NestT_TestCOT_ATG_Approved" name="create_and_Approve_NestT__Request_Internal_test_case">
    <skipped/>
  </testcase> <!-- create_and_Approve_NestT__Request_Internal_test_case -->
  <system-out/>
</testsuite> <!-- DAMS.Testcases.Smoke_Suite_1.TC43_NestT_TestCOT_ATG_Approved -->
