<?xml version="1.0" encoding="UTF-8"?>
<!-- Generated by org.testng.reporters.JUnitReportReporter -->
<testsuite hostname="DTC-5CG2190CH4" failures="0" tests="1" name="DAMS.Testcases.Smoke_Suite_1.TC56_ServicePrinciple_Production_Pending" time="66.115" errors="0" timestamp="2025-08-14T12:29:24 IST" skipped="0">
  <testcase classname="DAMS.Testcases.Smoke_Suite_1.TC56_ServicePrinciple_Production_Pending" name="apply_internal_functional_role_create_test_case" time="66.115"/>
  <system-out/>
</testsuite> <!-- DAMS.Testcases.Smoke_Suite_1.TC56_ServicePrinciple_Production_Pending -->
