<?xml version="1.0" encoding="UTF-8"?>
<!-- Generated by org.testng.reporters.JUnitReportReporter -->
<testsuite hostname="DTC-5CG2190CH4" failures="0" tests="3" name="DAMS.Testcases.Smoke_Suite.TC_33_DiagnosticAuthority_ATG" time="51.944" errors="0" timestamp="2025-07-02T14:04:31 IST" skipped="2">
  <testcase classname="DAMS.Testcases.Smoke_Suite.TC_33_DiagnosticAuthority_ATG" name="create_Diagnostic_Authority__Request_Internal_test_case" time="51.944"/>
  <system-out/>
  <testcase classname="DAMS.Testcases.Smoke_Suite.TC_33_DiagnosticAuthority_ATG" name="create_Diagnostic_Authority__Request_Supplier_test_case">
    <skipped/>
  </testcase> <!-- create_Diagnostic_Authority__Request_Supplier_test_case -->
  <system-out/>
  <testcase classname="DAMS.Testcases.Smoke_Suite.TC_33_DiagnosticAuthority_ATG" name="create_Diagnostic_Authority__Request_External_test_case">
    <skipped/>
  </testcase> <!-- create_Diagnostic_Authority__Request_External_test_case -->
  <system-out/>
</testsuite> <!-- DAMS.Testcases.Smoke_Suite.TC_33_DiagnosticAuthority_ATG -->
