<?xml version="1.0" encoding="UTF-8"?>
<!-- Generated by org.testng.reporters.JUnitReportReporter -->
<testsuite hostname="DTC-5CG2190CH4" failures="0" tests="3" name="DAMS.Testcases.Smoke_Suite_1.TC06_STD_GLOBAL_FRapproved" time="141.569" errors="0" timestamp="2025-08-05T11:08:54 IST" skipped="2">
  <testcase classname="DAMS.Testcases.Smoke_Suite_1.TC06_STD_GLOBAL_FRapproved" name="Funtional_role_request_approved_Supplier" time="141.569"/>
  <system-out/>
  <testcase classname="DAMS.Testcases.Smoke_Suite_1.TC06_STD_GLOBAL_FRapproved" name="Funtional_role_request_approved_Internal">
    <skipped/>
  </testcase> <!-- Funtional_role_request_approved_Internal -->
  <system-out/>
  <testcase classname="DAMS.Testcases.Smoke_Suite_1.TC06_STD_GLOBAL_FRapproved" name="Funtional_role_request_approved_External">
    <skipped/>
  </testcase> <!-- Funtional_role_request_approved_External -->
  <system-out/>
</testsuite> <!-- DAMS.Testcases.Smoke_Suite_1.TC06_STD_GLOBAL_FRapproved -->
