<?xml version="1.0" encoding="UTF-8"?>
<!-- Generated by org.testng.reporters.JUnitReportReporter -->
<testsuite hostname="DESKTOP-05DVESU" failures="0" tests="1" name="DAMS.Testcases.Regression_Suite.Supplier.TC005_Supplier_Development_FR_ATG" time="700.257" errors="0" timestamp="2025-09-17T12:50:02 IST" skipped="0">
  <testcase classname="DAMS.Testcases.Regression_Suite.Supplier.TC005_Supplier_Development_FR_ATG" name="development_Global_Regression_E2E_Supplier" time="700.257"/>
  <system-out/>
</testsuite> <!-- DAMS.Testcases.Regression_Suite.Supplier.TC005_Supplier_Development_FR_ATG -->
