<?xml version="1.0" encoding="UTF-8"?>
<!-- Generated by org.testng.reporters.JUnitReportReporter -->
<testsuite hostname="DESKTOP-05DVESU" failures="0" tests="1" name="DAMS.Testcases.Smoke_Suite_1.TC67_Production_Enhance_Rights_Approval" time="187.574" errors="0" timestamp="2025-08-14T19:44:23 IST" skipped="0">
  <testcase classname="DAMS.Testcases.Smoke_Suite_1.TC67_Production_Enhance_Rights_Approval" name="create_EnhanceRight_Request_Production_Arroval_test_case" time="187.574"/>
  <system-out/>
</testsuite> <!-- DAMS.Testcases.Smoke_Suite_1.TC67_Production_Enhance_Rights_Approval -->
