<?xml version="1.0" encoding="UTF-8"?>
<!-- Generated by org.testng.reporters.JUnitReportReporter -->
<testsuite hostname="DESKTOP-05DVESU" failures="0" tests="1" name="DAMS.Testcases.Smoke_Suite_1.TC62_Production_Diagnostic_Authority_Bending" time="114.105" errors="0" timestamp="2025-08-14T02:38:01 IST" skipped="0">
  <testcase classname="DAMS.Testcases.Smoke_Suite_1.TC62_Production_Diagnostic_Authority_Bending" name="create_Diagnostic_Authority__Request_Internal_test_case" time="114.105"/>
  <system-out/>
</testsuite> <!-- DAMS.Testcases.Smoke_Suite_1.TC62_Production_Diagnostic_Authority_Bending -->
