<?xml version="1.0" encoding="UTF-8"?>
<!-- Generated by org.testng.reporters.JUnitReportReporter -->
<testsuite hostname="DTC-5CG2190CH4" failures="0" tests="1" name="DAMS.Testcases.Smoke_Suite_1.TC64_ServicePrincipal_Production_DA_Approved" time="220.892" errors="0" timestamp="2025-08-19T17:02:10 IST" skipped="0">
  <testcase classname="DAMS.Testcases.Smoke_Suite_1.TC64_ServicePrincipal_Production_DA_Approved" name="create_Diagnostic_Authority__Request_Production_Arroval_test_case" time="220.892"/>
  <system-out/>
</testsuite> <!-- DAMS.Testcases.Smoke_Suite_1.TC64_ServicePrincipal_Production_DA_Approved -->
