<?xml version="1.0" encoding="UTF-8"?>
<!-- Generated by org.testng.reporters.JUnitReportReporter -->
<testsuite hostname="DTC-5CG2190CH4" failures="0" tests="1" name="DAMS.Testcases.Smoke_Suite_1.TC68_xOTA_FOTA_Pending" time="160.446" errors="0" timestamp="2025-08-14T17:34:14 IST" skipped="0">
  <testcase classname="DAMS.Testcases.Smoke_Suite_1.TC68_xOTA_FOTA_Pending" name="create_FOTA_Request_ServicePrincipal_test_case" time="160.446"/>
  <system-out/>
</testsuite> <!-- DAMS.Testcases.Smoke_Suite_1.TC68_xOTA_FOTA_Pending -->
