<?xml version="1.0" encoding="UTF-8"?>
<!-- Generated by org.testng.reporters.JUnitReportReporter -->
<testsuite hostname="DTC-5CG2190CH4" failures="0" tests="1" name="DAMS.Testcases.Regression_Suite.Internal.TC001_Internal_Development_FR_Global" time="741.703" errors="0" timestamp="2025-09-08T15:17:03 IST" skipped="0">
  <testcase classname="DAMS.Testcases.Regression_Suite.Internal.TC001_Internal_Development_FR_Global" name="development_Global_Regression_E2E_Internal" time="741.703"/>
  <system-out/>
</testsuite> <!-- DAMS.Testcases.Regression_Suite.Internal.TC001_Internal_Development_FR_Global -->
